# JRE version: Java(TM) SE Runtime Environment (8.0_181-b13) (build 1.8.0_181-b13)
# Java VM: Java HotSpot(TM) 64-Bit Server VM (25.181-b13 mixed mode windows-amd64 compressed oops)
Heap:
 PSYoungGen      total 108032K, used 46089K [0x0000000776200000, 0x000000077ed00000, 0x00000007c0000000)
  eden space 102400K, 39% used [0x0000000776200000,0x00000007789d2748,0x000000077c600000)
  from space 5632K, 94% used [0x000000077c880000,0x000000077cdb0040,0x000000077ce00000)
  to   space 19968K, 0% used [0x000000077d980000,0x000000077d980000,0x000000077ed00000)
 ParOldGen       total 169472K, used 49366K [0x00000006e2600000, 0x00000006ecb80000, 0x0000000776200000)
  object space 169472K, 29% used [0x00000006e2600000,0x00000006e5635bf8,0x00000006ecb80000)
 Metaspace       used 27961K, capacity 29054K, committed 29184K, reserved 1075200K
  class space    used 3593K, capacity 3830K, committed 3840K, reserved 1048576K
GC Heap History (10 events):
Event: 62.775 GC heap before
{Heap before GC invocations=18 (full 1):
 PSYoungGen      total 137216K, used 122037K [0x0000000776200000, 0x000000077fe00000, 0x00000007c0000000)
  eden space 115712K, 98% used [0x0000000776200000,0x000000077d1d5330,0x000000077d300000)
  from space 21504K, 34% used [0x000000077e900000,0x000000077f058260,0x000000077fe00000)
  to   space 22016K, 0% used [0x000000077d300000,0x000000077d300000,0x000000077e880000)
 ParOldGen       total 169472K, used 42586K [0x00000006e2600000, 0x00000006ecb80000, 0x0000000776200000)
  object space 169472K, 25% used [0x00000006e2600000,0x00000006e4f96bf8,0x00000006ecb80000)
 Metaspace       used 27952K, capacity 29054K, committed 29184K, reserved 1075200K
  class space    used 3593K, capacity 3830K, committed 3840K, reserved 1048576K
Event: 62.778 GC heap after
Heap after GC invocations=18 (full 1):
 PSYoungGen      total 119296K, used 6416K [0x0000000776200000, 0x000000077f900000, 0x00000007c0000000)
  eden space 112640K, 0% used [0x0000000776200000,0x0000000776200000,0x000000077d000000)
  from space 6656K, 96% used [0x000000077d300000,0x000000077d944250,0x000000077d980000)
  to   space 20992K, 0% used [0x000000077e480000,0x000000077e480000,0x000000077f900000)
 ParOldGen       total 169472K, used 42594K [0x00000006e2600000, 0x00000006ecb80000, 0x0000000776200000)
  object space 169472K, 25% used [0x00000006e2600000,0x00000006e4f98bf8,0x00000006ecb80000)
 Metaspace       used 27952K, capacity 29054K, committed 29184K, reserved 1075200K
  class space    used 3593K, capacity 3830K, committed 3840K, reserved 1048576K
}
Event: 67.366 GC heap before
{Heap before GC invocations=19 (full 1):
 PSYoungGen      total 119296K, used 118725K [0x0000000776200000, 0x000000077f900000, 0x00000007c0000000)
  eden space 112640K, 99% used [0x0000000776200000,0x000000077cfad388,0x000000077d000000)
  from space 6656K, 96% used [0x000000077d300000,0x000000077d944250,0x000000077d980000)
  to   space 20992K, 0% used [0x000000077e480000,0x000000077e480000,0x000000077f900000)
 ParOldGen       total 169472K, used 42594K [0x00000006e2600000, 0x00000006ecb80000, 0x0000000776200000)
  object space 169472K, 25% used [0x00000006e2600000,0x00000006e4f98bf8,0x00000006ecb80000)
 Metaspace       used 27952K, capacity 29054K, committed 29184K, reserved 1075200K
  class space    used 3593K, capacity 3830K, committed 3840K, reserved 1048576K
Event: 67.369 GC heap after
Heap after GC invocations=19 (full 1):
 PSYoungGen      total 128512K, used 3821K [0x0000000776200000, 0x000000077f680000, 0x00000007c0000000)
  eden space 110080K, 0% used [0x0000000776200000,0x0000000776200000,0x000000077cd80000)
  from space 18432K, 20% used [0x000000077e480000,0x000000077e83b7d0,0x000000077f680000)
  to   space 20992K, 0% used [0x000000077cd80000,0x000000077cd80000,0x000000077e200000)
 ParOldGen       total 169472K, used 45321K [0x00000006e2600000, 0x00000006ecb80000, 0x0000000776200000)
  object space 169472K, 26% used [0x00000006e2600000,0x00000006e5242418,0x00000006ecb80000)
 Metaspace       used 27952K, capacity 29054K, committed 29184K, reserved 1075200K
  class space    used 3593K, capacity 3830K, committed 3840K, reserved 1048576K
}
Event: 71.882 GC heap before
{Heap before GC invocations=20 (full 1):
 PSYoungGen      total 128512K, used 113812K [0x0000000776200000, 0x000000077f680000, 0x00000007c0000000)
  eden space 110080K, 99% used [0x0000000776200000,0x000000077cd699a0,0x000000077cd80000)
  from space 18432K, 20% used [0x000000077e480000,0x000000077e83b7d0,0x000000077f680000)
  to   space 20992K, 0% used [0x000000077cd80000,0x000000077cd80000,0x000000077e200000)
 ParOldGen       total 169472K, used 45321K [0x00000006e2600000, 0x00000006ecb80000, 0x0000000776200000)
  object space 169472K, 26% used [0x00000006e2600000,0x00000006e5242418,0x00000006ecb80000)
 Metaspace       used 27952K, capacity 29054K, committed 29184K, reserved 1075200K
  class space    used 3593K, capacity 3830K, committed 3840K, reserved 1048576K
Event: 71.885 GC heap after
Heap after GC invocations=20 (full 1):
 PSYoungGen      total 109568K, used 1616K [0x0000000776200000, 0x000000077f400000, 0x00000007c0000000)
  eden space 107520K, 0% used [0x0000000776200000,0x0000000776200000,0x000000077cb00000)
  from space 2048K, 78% used [0x000000077cd80000,0x000000077cf14010,0x000000077cf80000)
  to   space 20992K, 0% used [0x000000077df80000,0x000000077df80000,0x000000077f400000)
 ParOldGen       total 169472K, used 49222K [0x00000006e2600000, 0x00000006ecb80000, 0x0000000776200000)
  object space 169472K, 29% used [0x00000006e2600000,0x00000006e5611bf8,0x00000006ecb80000)
 Metaspace       used 27952K, capacity 29054K, committed 29184K, reserved 1075200K
  class space    used 3593K, capacity 3830K, committed 3840K, reserved 1048576K
}
Event: 76.275 GC heap before
{Heap before GC invocations=21 (full 1):
 PSYoungGen      total 109568K, used 109136K [0x0000000776200000, 0x000000077f400000, 0x00000007c0000000)
  eden space 107520K, 100% used [0x0000000776200000,0x000000077cb00000,0x000000077cb00000)
  from space 2048K, 78% used [0x000000077cd80000,0x000000077cf14010,0x000000077cf80000)
  to   space 20992K, 0% used [0x000000077df80000,0x000000077df80000,0x000000077f400000)
 ParOldGen       total 169472K, used 49222K [0x00000006e2600000, 0x00000006ecb80000, 0x0000000776200000)
  object space 169472K, 29% used [0x00000006e2600000,0x00000006e5611bf8,0x00000006ecb80000)
 Metaspace       used 27957K, capacity 29054K, committed 29184K, reserved 1075200K
  class space    used 3593K, capacity 3830K, committed 3840K, reserved 1048576K
Event: 76.277 GC heap after
Heap after GC invocations=21 (full 1):
 PSYoungGen      total 123392K, used 1648K [0x0000000776200000, 0x000000077f180000, 0x00000007c0000000)
  eden space 104960K, 0% used [0x0000000776200000,0x0000000776200000,0x000000077c880000)
  from space 18432K, 8% used [0x000000077df80000,0x000000077e11c010,0x000000077f180000)
  to   space 20992K, 0% used [0x000000077c880000,0x000000077c880000,0x000000077dd00000)
 ParOldGen       total 169472K, used 49286K [0x00000006e2600000, 0x00000006ecb80000, 0x0000000776200000)
  object space 169472K, 29% used [0x00000006e2600000,0x00000006e5621bf8,0x00000006ecb80000)
 Metaspace       used 27957K, capacity 29054K, committed 29184K, reserved 1075200K
  class space    used 3593K, capacity 3830K, committed 3840K, reserved 1048576K
}
Event: 80.482 GC heap before
{Heap before GC invocations=22 (full 1):
 PSYoungGen      total 123392K, used 105803K [0x0000000776200000, 0x000000077f180000, 0x00000007c0000000)
  eden space 104960K, 99% used [0x0000000776200000,0x000000077c7b6d80,0x000000077c880000)
  from space 18432K, 8% used [0x000000077df80000,0x000000077e11c010,0x000000077f180000)
  to   space 20992K, 0% used [0x000000077c880000,0x000000077c880000,0x000000077dd00000)
 ParOldGen       total 169472K, used 49286K [0x00000006e2600000, 0x00000006ecb80000, 0x0000000776200000)
  object space 169472K, 29% used [0x00000006e2600000,0x00000006e5621bf8,0x00000006ecb80000)
 Metaspace       used 27961K, capacity 29054K, committed 29184K, reserved 1075200K
  class space    used 3593K, capacity 3830K, committed 3840K, reserved 1048576K
Event: 80.484 GC heap after
Heap after GC invocations=22 (full 1):
 PSYoungGen      total 108032K, used 5312K [0x0000000776200000, 0x000000077ed00000, 0x00000007c0000000)
  eden space 102400K, 0% used [0x0000000776200000,0x0000000776200000,0x000000077c600000)
  from space 5632K, 94% used [0x000000077c880000,0x000000077cdb0040,0x000000077ce00000)
  to   space 19968K, 0% used [0x000000077d980000,0x000000077d980000,0x000000077ed00000)
 ParOldGen       total 169472K, used 49366K [0x00000006e2600000, 0x00000006ecb80000, 0x0000000776200000)
  object space 169472K, 29% used [0x00000006e2600000,0x00000006e5635bf8,0x00000006ecb80000)
 Metaspace       used 27961K, capacity 29054K, committed 29184K, reserved 1075200K
  class space    used 3593K, capacity 3830K, committed 3840K, reserved 1048576K
}

