# JRE version: Java(TM) SE Runtime Environment (8.0_181-b13) (build 1.8.0_181-b13)
# Java VM: Java HotSpot(TM) 64-Bit Server VM (25.181-b13 mixed mode windows-amd64 compressed oops)
Heap:
 PSYoungGen      total 108032K, used 36374K [0x0000000776200000, 0x000000077ed80000, 0x00000007c0000000)
  eden space 105984K, 32% used [0x0000000776200000,0x00000007783f9958,0x000000077c980000)
  from space 2048K, 77% used [0x000000077cc00000,0x000000077cd8c010,0x000000077ce00000)
  to   space 18432K, 0% used [0x000000077db80000,0x000000077db80000,0x000000077ed80000)
 ParOldGen       total 168960K, used 68713K [0x00000006e2600000, 0x00000006ecb00000, 0x0000000776200000)
  object space 168960K, 40% used [0x00000006e2600000,0x00000006e691a680,0x00000006ecb00000)
 Metaspace       used 28017K, capacity 29162K, committed 29184K, reserved 1075200K
  class space    used 3590K, capacity 3824K, committed 3840K, reserved 1048576K
GC Heap History (10 events):
Event: 68.601 GC heap before
{Heap before GC invocations=26 (full 1):
 PSYoungGen      total 138752K, used 121904K [0x0000000776200000, 0x0000000780280000, 0x00000007c0000000)
  eden space 120320K, 100% used [0x0000000776200000,0x000000077d780000,0x000000077d780000)
  from space 18432K, 8% used [0x000000077f080000,0x000000077f20c010,0x0000000780280000)
  to   space 22016K, 0% used [0x000000077d780000,0x000000077d780000,0x000000077ed00000)
 ParOldGen       total 168960K, used 68409K [0x00000006e2600000, 0x00000006ecb00000, 0x0000000776200000)
  object space 168960K, 40% used [0x00000006e2600000,0x00000006e68ce670,0x00000006ecb00000)
 Metaspace       used 27998K, capacity 29162K, committed 29184K, reserved 1075200K
  class space    used 3590K, capacity 3824K, committed 3840K, reserved 1048576K
Event: 68.604 GC heap after
Heap after GC invocations=26 (full 1):
 PSYoungGen      total 117760K, used 384K [0x0000000776200000, 0x000000077fe80000, 0x00000007c0000000)
  eden space 117248K, 0% used [0x0000000776200000,0x0000000776200000,0x000000077d480000)
  from space 512K, 75% used [0x000000077d780000,0x000000077d7e0000,0x000000077d800000)
  to   space 21504K, 0% used [0x000000077e980000,0x000000077e980000,0x000000077fe80000)
 ParOldGen       total 168960K, used 68489K [0x00000006e2600000, 0x00000006ecb00000, 0x0000000776200000)
  object space 168960K, 40% used [0x00000006e2600000,0x00000006e68e2670,0x00000006ecb00000)
 Metaspace       used 27998K, capacity 29162K, committed 29184K, reserved 1075200K
  class space    used 3590K, capacity 3824K, committed 3840K, reserved 1048576K
}
Event: 71.469 GC heap before
{Heap before GC invocations=27 (full 1):
 PSYoungGen      total 117760K, used 116952K [0x0000000776200000, 0x000000077fe80000, 0x00000007c0000000)
  eden space 117248K, 99% used [0x0000000776200000,0x000000077d3d61d0,0x000000077d480000)
  from space 512K, 75% used [0x000000077d780000,0x000000077d7e0000,0x000000077d800000)
  to   space 21504K, 0% used [0x000000077e980000,0x000000077e980000,0x000000077fe80000)
 ParOldGen       total 168960K, used 68489K [0x00000006e2600000, 0x00000006ecb00000, 0x0000000776200000)
  object space 168960K, 40% used [0x00000006e2600000,0x00000006e68e2670,0x00000006ecb00000)
 Metaspace       used 28001K, capacity 29162K, committed 29184K, reserved 1075200K
  class space    used 3590K, capacity 3824K, committed 3840K, reserved 1048576K
Event: 71.472 GC heap after
Heap after GC invocations=27 (full 1):
 PSYoungGen      total 130560K, used 5216K [0x0000000776200000, 0x000000077f980000, 0x00000007c0000000)
  eden space 114176K, 0% used [0x0000000776200000,0x0000000776200000,0x000000077d180000)
  from space 16384K, 31% used [0x000000077e980000,0x000000077ee98040,0x000000077f980000)
  to   space 20480K, 0% used [0x000000077d180000,0x000000077d180000,0x000000077e580000)
 ParOldGen       total 168960K, used 68545K [0x00000006e2600000, 0x00000006ecb00000, 0x0000000776200000)
  object space 168960K, 40% used [0x00000006e2600000,0x00000006e68f0670,0x00000006ecb00000)
 Metaspace       used 28001K, capacity 29162K, committed 29184K, reserved 1075200K
  class space    used 3590K, capacity 3824K, committed 3840K, reserved 1048576K
}
Event: 74.251 GC heap before
{Heap before GC invocations=28 (full 1):
 PSYoungGen      total 130560K, used 119392K [0x0000000776200000, 0x000000077f980000, 0x00000007c0000000)
  eden space 114176K, 100% used [0x0000000776200000,0x000000077d180000,0x000000077d180000)
  from space 16384K, 31% used [0x000000077e980000,0x000000077ee98040,0x000000077f980000)
  to   space 20480K, 0% used [0x000000077d180000,0x000000077d180000,0x000000077e580000)
 ParOldGen       total 168960K, used 68545K [0x00000006e2600000, 0x00000006ecb00000, 0x0000000776200000)
  object space 168960K, 40% used [0x00000006e2600000,0x00000006e68f0670,0x00000006ecb00000)
 Metaspace       used 28004K, capacity 29162K, committed 29184K, reserved 1075200K
  class space    used 3590K, capacity 3824K, committed 3840K, reserved 1048576K
Event: 74.253 GC heap after
Heap after GC invocations=28 (full 1):
 PSYoungGen      total 113152K, used 1616K [0x0000000776200000, 0x000000077f580000, 0x00000007c0000000)
  eden space 111104K, 0% used [0x0000000776200000,0x0000000776200000,0x000000077ce80000)
  from space 2048K, 78% used [0x000000077d180000,0x000000077d314010,0x000000077d380000)
  to   space 19968K, 0% used [0x000000077e200000,0x000000077e200000,0x000000077f580000)
 ParOldGen       total 168960K, used 68601K [0x00000006e2600000, 0x00000006ecb00000, 0x0000000776200000)
  object space 168960K, 40% used [0x00000006e2600000,0x00000006e68fe670,0x00000006ecb00000)
 Metaspace       used 28004K, capacity 29162K, committed 29184K, reserved 1075200K
  class space    used 3590K, capacity 3824K, committed 3840K, reserved 1048576K
}
Event: 76.989 GC heap before
{Heap before GC invocations=29 (full 1):
 PSYoungGen      total 113152K, used 111839K [0x0000000776200000, 0x000000077f580000, 0x00000007c0000000)
  eden space 111104K, 99% used [0x0000000776200000,0x000000077cda3e28,0x000000077ce80000)
  from space 2048K, 78% used [0x000000077d180000,0x000000077d314010,0x000000077d380000)
  to   space 19968K, 0% used [0x000000077e200000,0x000000077e200000,0x000000077f580000)
 ParOldGen       total 168960K, used 68601K [0x00000006e2600000, 0x00000006ecb00000, 0x0000000776200000)
  object space 168960K, 40% used [0x00000006e2600000,0x00000006e68fe670,0x00000006ecb00000)
 Metaspace       used 28005K, capacity 29162K, committed 29184K, reserved 1075200K
  class space    used 3590K, capacity 3824K, committed 3840K, reserved 1048576K
Event: 76.991 GC heap after
Heap after GC invocations=29 (full 1):
 PSYoungGen      total 124928K, used 1584K [0x0000000776200000, 0x000000077f200000, 0x00000007c0000000)
  eden space 108544K, 0% used [0x0000000776200000,0x0000000776200000,0x000000077cc00000)
  from space 16384K, 9% used [0x000000077e200000,0x000000077e38c010,0x000000077f200000)
  to   space 19456K, 0% used [0x000000077cc00000,0x000000077cc00000,0x000000077df00000)
 ParOldGen       total 168960K, used 68689K [0x00000006e2600000, 0x00000006ecb00000, 0x0000000776200000)
  object space 168960K, 40% used [0x00000006e2600000,0x00000006e6914680,0x00000006ecb00000)
 Metaspace       used 28005K, capacity 29162K, committed 29184K, reserved 1075200K
  class space    used 3590K, capacity 3824K, committed 3840K, reserved 1048576K
}
Event: 79.644 GC heap before
{Heap before GC invocations=30 (full 1):
 PSYoungGen      total 124928K, used 109658K [0x0000000776200000, 0x000000077f200000, 0x00000007c0000000)
  eden space 108544K, 99% used [0x0000000776200000,0x000000077cb8aa40,0x000000077cc00000)
  from space 16384K, 9% used [0x000000077e200000,0x000000077e38c010,0x000000077f200000)
  to   space 19456K, 0% used [0x000000077cc00000,0x000000077cc00000,0x000000077df00000)
 ParOldGen       total 168960K, used 68689K [0x00000006e2600000, 0x00000006ecb00000, 0x0000000776200000)
  object space 168960K, 40% used [0x00000006e2600000,0x00000006e6914680,0x00000006ecb00000)
 Metaspace       used 28017K, capacity 29162K, committed 29184K, reserved 1075200K
  class space    used 3590K, capacity 3824K, committed 3840K, reserved 1048576K
Event: 79.645 GC heap after
Heap after GC invocations=30 (full 1):
 PSYoungGen      total 108032K, used 1584K [0x0000000776200000, 0x000000077ed80000, 0x00000007c0000000)
  eden space 105984K, 0% used [0x0000000776200000,0x0000000776200000,0x000000077c980000)
  from space 2048K, 77% used [0x000000077cc00000,0x000000077cd8c010,0x000000077ce00000)
  to   space 18432K, 0% used [0x000000077db80000,0x000000077db80000,0x000000077ed80000)
 ParOldGen       total 168960K, used 68713K [0x00000006e2600000, 0x00000006ecb00000, 0x0000000776200000)
  object space 168960K, 40% used [0x00000006e2600000,0x00000006e691a680,0x00000006ecb00000)
 Metaspace       used 28017K, capacity 29162K, committed 29184K, reserved 1075200K
  class space    used 3590K, capacity 3824K, committed 3840K, reserved 1048576K
}

