# JRE version: Java(TM) SE Runtime Environment (8.0_181-b13) (build 1.8.0_181-b13)
# Java VM: Java HotSpot(TM) 64-Bit Server VM (25.181-b13 mixed mode windows-amd64 compressed oops)
Heap:
 PSYoungGen      total 83456K, used 25499K [0x0000000776200000, 0x000000077ce00000, 0x00000007c0000000)
  eden space 81920K, 29% used [0x0000000776200000,0x000000077796ae18,0x000000077b200000)
  from space 1536K, 98% used [0x000000077b380000,0x000000077b4fc010,0x000000077b500000)
  to   space 14336K, 0% used [0x000000077c000000,0x000000077c000000,0x000000077ce00000)
 ParOldGen       total 165376K, used 56409K [0x00000006e2600000, 0x00000006ec780000, 0x0000000776200000)
  object space 165376K, 34% used [0x00000006e2600000,0x00000006e5d16650,0x00000006ec780000)
 Metaspace       used 28169K, capacity 29232K, committed 29440K, reserved 1075200K
  class space    used 3597K, capacity 3825K, committed 3840K, reserved 1048576K
GC Heap History (10 events):
Event: 108.954 GC heap before
{Heap before GC invocations=28 (full 1):
 PSYoungGen      total 105984K, used 95808K [0x0000000776200000, 0x000000077dd80000, 0x00000007c0000000)
  eden space 91648K, 98% used [0x0000000776200000,0x000000077ba78360,0x000000077bb80000)
  from space 14336K, 36% used [0x000000077cf80000,0x000000077d498040,0x000000077dd80000)
  to   space 17408K, 0% used [0x000000077bb80000,0x000000077bb80000,0x000000077cc80000)
 ParOldGen       total 165376K, used 56113K [0x00000006e2600000, 0x00000006ec780000, 0x0000000776200000)
  object space 165376K, 33% used [0x00000006e2600000,0x00000006e5ccc640,0x00000006ec780000)
 Metaspace       used 27985K, capacity 29040K, committed 29184K, reserved 1075200K
  class space    used 3597K, capacity 3825K, committed 3840K, reserved 1048576K
Event: 108.957 GC heap after
Heap after GC invocations=28 (full 1):
 PSYoungGen      total 95232K, used 5248K [0x0000000776200000, 0x000000077d980000, 0x00000007c0000000)
  eden space 89600K, 0% used [0x0000000776200000,0x0000000776200000,0x000000077b980000)
  from space 5632K, 93% used [0x000000077bb80000,0x000000077c0a0040,0x000000077c100000)
  to   space 16384K, 0% used [0x000000077c980000,0x000000077c980000,0x000000077d980000)
 ParOldGen       total 165376K, used 56169K [0x00000006e2600000, 0x00000006ec780000, 0x0000000776200000)
  object space 165376K, 33% used [0x00000006e2600000,0x00000006e5cda640,0x00000006ec780000)
 Metaspace       used 27985K, capacity 29040K, committed 29184K, reserved 1075200K
  class space    used 3597K, capacity 3825K, committed 3840K, reserved 1048576K
}
Event: 112.553 GC heap before
{Heap before GC invocations=29 (full 1):
 PSYoungGen      total 95232K, used 94848K [0x0000000776200000, 0x000000077d980000, 0x00000007c0000000)
  eden space 89600K, 100% used [0x0000000776200000,0x000000077b980000,0x000000077b980000)
  from space 5632K, 93% used [0x000000077bb80000,0x000000077c0a0040,0x000000077c100000)
  to   space 16384K, 0% used [0x000000077c980000,0x000000077c980000,0x000000077d980000)
 ParOldGen       total 165376K, used 56169K [0x00000006e2600000, 0x00000006ec780000, 0x0000000776200000)
  object space 165376K, 33% used [0x00000006e2600000,0x00000006e5cda640,0x00000006ec780000)
 Metaspace       used 28016K, capacity 29104K, committed 29184K, reserved 1075200K
  class space    used 3597K, capacity 3825K, committed 3840K, reserved 1048576K
Event: 112.555 GC heap after
Heap after GC invocations=29 (full 1):
 PSYoungGen      total 101888K, used 1584K [0x0000000776200000, 0x000000077d780000, 0x00000007c0000000)
  eden space 87552K, 0% used [0x0000000776200000,0x0000000776200000,0x000000077b780000)
  from space 14336K, 11% used [0x000000077c980000,0x000000077cb0c010,0x000000077d780000)
  to   space 16384K, 0% used [0x000000077b780000,0x000000077b780000,0x000000077c780000)
 ParOldGen       total 165376K, used 56265K [0x00000006e2600000, 0x00000006ec780000, 0x0000000776200000)
  object space 165376K, 34% used [0x00000006e2600000,0x00000006e5cf2650,0x00000006ec780000)
 Metaspace       used 28016K, capacity 29104K, committed 29184K, reserved 1075200K
  class space    used 3597K, capacity 3825K, committed 3840K, reserved 1048576K
}
Event: 116.141 GC heap before
{Heap before GC invocations=30 (full 1):
 PSYoungGen      total 101888K, used 88136K [0x0000000776200000, 0x000000077d780000, 0x00000007c0000000)
  eden space 87552K, 98% used [0x0000000776200000,0x000000077b686278,0x000000077b780000)
  from space 14336K, 11% used [0x000000077c980000,0x000000077cb0c010,0x000000077d780000)
  to   space 16384K, 0% used [0x000000077b780000,0x000000077b780000,0x000000077c780000)
 ParOldGen       total 165376K, used 56265K [0x00000006e2600000, 0x00000006ec780000, 0x0000000776200000)
  object space 165376K, 34% used [0x00000006e2600000,0x00000006e5cf2650,0x00000006ec780000)
 Metaspace       used 28021K, capacity 29168K, committed 29184K, reserved 1075200K
  class space    used 3597K, capacity 3825K, committed 3840K, reserved 1048576K
Event: 116.144 GC heap after
Heap after GC invocations=30 (full 1):
 PSYoungGen      total 91136K, used 5152K [0x0000000776200000, 0x000000077d380000, 0x00000007c0000000)
  eden space 85504K, 0% used [0x0000000776200000,0x0000000776200000,0x000000077b580000)
  from space 5632K, 91% used [0x000000077b780000,0x000000077bc88040,0x000000077bd00000)
  to   space 15360K, 0% used [0x000000077c480000,0x000000077c480000,0x000000077d380000)
 ParOldGen       total 165376K, used 56305K [0x00000006e2600000, 0x00000006ec780000, 0x0000000776200000)
  object space 165376K, 34% used [0x00000006e2600000,0x00000006e5cfc650,0x00000006ec780000)
 Metaspace       used 28021K, capacity 29168K, committed 29184K, reserved 1075200K
  class space    used 3597K, capacity 3825K, committed 3840K, reserved 1048576K
}
Event: 119.653 GC heap before
{Heap before GC invocations=31 (full 1):
 PSYoungGen      total 91136K, used 90444K [0x0000000776200000, 0x000000077d380000, 0x00000007c0000000)
  eden space 85504K, 99% used [0x0000000776200000,0x000000077b54b338,0x000000077b580000)
  from space 5632K, 91% used [0x000000077b780000,0x000000077bc88040,0x000000077bd00000)
  to   space 15360K, 0% used [0x000000077c480000,0x000000077c480000,0x000000077d380000)
 ParOldGen       total 165376K, used 56305K [0x00000006e2600000, 0x00000006ec780000, 0x0000000776200000)
  object space 165376K, 34% used [0x00000006e2600000,0x00000006e5cfc650,0x00000006ec780000)
 Metaspace       used 28021K, capacity 29168K, committed 29184K, reserved 1075200K
  class space    used 3597K, capacity 3825K, committed 3840K, reserved 1048576K
Event: 119.655 GC heap after
Heap after GC invocations=31 (full 1):
 PSYoungGen      total 95744K, used 5152K [0x0000000776200000, 0x000000077d080000, 0x00000007c0000000)
  eden space 83456K, 0% used [0x0000000776200000,0x0000000776200000,0x000000077b380000)
  from space 12288K, 41% used [0x000000077c480000,0x000000077c988040,0x000000077d080000)
  to   space 14848K, 0% used [0x000000077b380000,0x000000077b380000,0x000000077c200000)
 ParOldGen       total 165376K, used 56377K [0x00000006e2600000, 0x00000006ec780000, 0x0000000776200000)
  object space 165376K, 34% used [0x00000006e2600000,0x00000006e5d0e650,0x00000006ec780000)
 Metaspace       used 28021K, capacity 29168K, committed 29184K, reserved 1075200K
  class space    used 3597K, capacity 3825K, committed 3840K, reserved 1048576K
}
Event: 164.619 GC heap before
{Heap before GC invocations=32 (full 1):
 PSYoungGen      total 95744K, used 88608K [0x0000000776200000, 0x000000077d080000, 0x00000007c0000000)
  eden space 83456K, 100% used [0x0000000776200000,0x000000077b380000,0x000000077b380000)
  from space 12288K, 41% used [0x000000077c480000,0x000000077c988040,0x000000077d080000)
  to   space 14848K, 0% used [0x000000077b380000,0x000000077b380000,0x000000077c200000)
 ParOldGen       total 165376K, used 56377K [0x00000006e2600000, 0x00000006ec780000, 0x0000000776200000)
  object space 165376K, 34% used [0x00000006e2600000,0x00000006e5d0e650,0x00000006ec780000)
 Metaspace       used 28080K, capacity 29168K, committed 29184K, reserved 1075200K
  class space    used 3597K, capacity 3825K, committed 3840K, reserved 1048576K
Event: 164.622 GC heap after
Heap after GC invocations=32 (full 1):
 PSYoungGen      total 83456K, used 1520K [0x0000000776200000, 0x000000077ce00000, 0x00000007c0000000)
  eden space 81920K, 0% used [0x0000000776200000,0x0000000776200000,0x000000077b200000)
  from space 1536K, 98% used [0x000000077b380000,0x000000077b4fc010,0x000000077b500000)
  to   space 14336K, 0% used [0x000000077c000000,0x000000077c000000,0x000000077ce00000)
 ParOldGen       total 165376K, used 56409K [0x00000006e2600000, 0x00000006ec780000, 0x0000000776200000)
  object space 165376K, 34% used [0x00000006e2600000,0x00000006e5d16650,0x00000006ec780000)
 Metaspace       used 28080K, capacity 29168K, committed 29184K, reserved 1075200K
  class space    used 3597K, capacity 3825K, committed 3840K, reserved 1048576K
}

