# JRE version: Java(TM) SE Runtime Environment (8.0_202-b08) (build 1.8.0_202-b08)
# Java VM: Java HotSpot(TM) 64-Bit Server VM (25.202-b08 mixed mode windows-amd64 compressed oops)
Heap:
 PSYoungGen      total 71680K, used 26139K [0x00000000d5d80000, 0x00000000df900000, 0x0000000100000000)
  eden space 66560K, 31% used [0x00000000d5d80000,0x00000000d7209c68,0x00000000d9e80000)
  from space 5120K, 99% used [0x00000000d9e80000,0x00000000da37d280,0x00000000da380000)
  to   space 27648K, 0% used [0x00000000dde00000,0x00000000dde00000,0x00000000df900000)
 ParOldGen       total 107520K, used 38539K [0x0000000081800000, 0x0000000088100000, 0x00000000d5d80000)
  object space 107520K, 35% used [0x0000000081800000,0x0000000083da2c58,0x0000000088100000)
 Metaspace       used 26741K, capacity 27848K, committed 27904K, reserved 1073152K
  class space    used 3569K, capacity 3837K, committed 3840K, reserved 1048576K
GC Heap History (10 events):
Event: 2.472 GC heap before
{Heap before GC invocations=2 (full 0):
 PSYoungGen      total 38400K, used 37180K [0x00000000d5d80000, 0x00000000d8800000, 0x0000000100000000)
  eden space 33280K, 100% used [0x00000000d5d80000,0x00000000d7e00000,0x00000000d7e00000)
  from space 5120K, 76% used [0x00000000d7e00000,0x00000000d81cf1f8,0x00000000d8300000)
  to   space 5120K, 0% used [0x00000000d8300000,0x00000000d8300000,0x00000000d8800000)
 ParOldGen       total 87552K, used 16K [0x0000000081800000, 0x0000000086d80000, 0x00000000d5d80000)
  object space 87552K, 0% used [0x0000000081800000,0x0000000081804000,0x0000000086d80000)
 Metaspace       used 17838K, capacity 18356K, committed 18688K, reserved 1064960K
  class space    used 2343K, capacity 2489K, committed 2560K, reserved 1048576K
Event: 2.478 GC heap after
Heap after GC invocations=2 (full 0):
 PSYoungGen      total 38400K, used 5118K [0x00000000d5d80000, 0x00000000d8800000, 0x0000000100000000)
  eden space 33280K, 0% used [0x00000000d5d80000,0x00000000d5d80000,0x00000000d7e00000)
  from space 5120K, 99% used [0x00000000d8300000,0x00000000d87ff820,0x00000000d8800000)
  to   space 5120K, 0% used [0x00000000d7e00000,0x00000000d7e00000,0x00000000d8300000)
 ParOldGen       total 87552K, used 368K [0x0000000081800000, 0x0000000086d80000, 0x00000000d5d80000)
  object space 87552K, 0% used [0x0000000081800000,0x000000008185c010,0x0000000086d80000)
 Metaspace       used 17838K, capacity 18356K, committed 18688K, reserved 1064960K
  class space    used 2343K, capacity 2489K, committed 2560K, reserved 1048576K
}
Event: 2.863 GC heap before
{Heap before GC invocations=3 (full 0):
 PSYoungGen      total 38400K, used 37058K [0x00000000d5d80000, 0x00000000d8800000, 0x0000000100000000)
  eden space 33280K, 95% used [0x00000000d5d80000,0x00000000d7cb1128,0x00000000d7e00000)
  from space 5120K, 99% used [0x00000000d8300000,0x00000000d87ff820,0x00000000d8800000)
  to   space 5120K, 0% used [0x00000000d7e00000,0x00000000d7e00000,0x00000000d8300000)
 ParOldGen       total 87552K, used 368K [0x0000000081800000, 0x0000000086d80000, 0x00000000d5d80000)
  object space 87552K, 0% used [0x0000000081800000,0x000000008185c010,0x0000000086d80000)
 Metaspace       used 19202K, capacity 19806K, committed 19968K, reserved 1067008K
  class space    used 2585K, capacity 2774K, committed 2816K, reserved 1048576K
Event: 2.886 GC heap after
Heap after GC invocations=3 (full 0):
 PSYoungGen      total 38400K, used 5114K [0x00000000d5d80000, 0x00000000da880000, 0x0000000100000000)
  eden space 33280K, 0% used [0x00000000d5d80000,0x00000000d5d80000,0x00000000d7e00000)
  from space 5120K, 99% used [0x00000000d7e00000,0x00000000d82fea58,0x00000000d8300000)
  to   space 5120K, 0% used [0x00000000da380000,0x00000000da380000,0x00000000da880000)
 ParOldGen       total 87552K, used 27102K [0x0000000081800000, 0x0000000086d80000, 0x00000000d5d80000)
  object space 87552K, 30% used [0x0000000081800000,0x0000000083277858,0x0000000086d80000)
 Metaspace       used 19202K, capacity 19806K, committed 19968K, reserved 1067008K
  class space    used 2585K, capacity 2774K, committed 2816K, reserved 1048576K
}
Event: 3.096 GC heap before
{Heap before GC invocations=4 (full 0):
 PSYoungGen      total 38400K, used 15120K [0x00000000d5d80000, 0x00000000da880000, 0x0000000100000000)
  eden space 33280K, 30% used [0x00000000d5d80000,0x00000000d6745798,0x00000000d7e00000)
  from space 5120K, 99% used [0x00000000d7e00000,0x00000000d82fea58,0x00000000d8300000)
  to   space 5120K, 0% used [0x00000000da380000,0x00000000da380000,0x00000000da880000)
 ParOldGen       total 87552K, used 27102K [0x0000000081800000, 0x0000000086d80000, 0x00000000d5d80000)
  object space 87552K, 30% used [0x0000000081800000,0x0000000083277858,0x0000000086d80000)
 Metaspace       used 20316K, capacity 21116K, committed 21248K, reserved 1067008K
  class space    used 2802K, capacity 2993K, committed 3072K, reserved 1048576K
Event: 3.107 GC heap after
Heap after GC invocations=4 (full 0):
 PSYoungGen      total 71680K, used 5114K [0x00000000d5d80000, 0x00000000da880000, 0x0000000100000000)
  eden space 66560K, 0% used [0x00000000d5d80000,0x00000000d5d80000,0x00000000d9e80000)
  from space 5120K, 99% used [0x00000000da380000,0x00000000da87ea48,0x00000000da880000)
  to   space 5120K, 0% used [0x00000000d9e80000,0x00000000d9e80000,0x00000000da380000)
 ParOldGen       total 87552K, used 33348K [0x0000000081800000, 0x0000000086d80000, 0x00000000d5d80000)
  object space 87552K, 38% used [0x0000000081800000,0x0000000083891320,0x0000000086d80000)
 Metaspace       used 20316K, capacity 21116K, committed 21248K, reserved 1067008K
  class space    used 2802K, capacity 2993K, committed 3072K, reserved 1048576K
}
Event: 3.107 GC heap before
{Heap before GC invocations=5 (full 1):
 PSYoungGen      total 71680K, used 5114K [0x00000000d5d80000, 0x00000000da880000, 0x0000000100000000)
  eden space 66560K, 0% used [0x00000000d5d80000,0x00000000d5d80000,0x00000000d9e80000)
  from space 5120K, 99% used [0x00000000da380000,0x00000000da87ea48,0x00000000da880000)
  to   space 5120K, 0% used [0x00000000d9e80000,0x00000000d9e80000,0x00000000da380000)
 ParOldGen       total 87552K, used 33348K [0x0000000081800000, 0x0000000086d80000, 0x00000000d5d80000)
  object space 87552K, 38% used [0x0000000081800000,0x0000000083891320,0x0000000086d80000)
 Metaspace       used 20316K, capacity 21116K, committed 21248K, reserved 1067008K
  class space    used 2802K, capacity 2993K, committed 3072K, reserved 1048576K
Event: 3.160 GC heap after
Heap after GC invocations=5 (full 1):
 PSYoungGen      total 71680K, used 0K [0x00000000d5d80000, 0x00000000da880000, 0x0000000100000000)
  eden space 66560K, 0% used [0x00000000d5d80000,0x00000000d5d80000,0x00000000d9e80000)
  from space 5120K, 0% used [0x00000000da380000,0x00000000da380000,0x00000000da880000)
  to   space 5120K, 0% used [0x00000000d9e80000,0x00000000d9e80000,0x00000000da380000)
 ParOldGen       total 107520K, used 38288K [0x0000000081800000, 0x0000000088100000, 0x00000000d5d80000)
  object space 107520K, 35% used [0x0000000081800000,0x0000000083d64268,0x0000000088100000)
 Metaspace       used 20316K, capacity 21116K, committed 21248K, reserved 1067008K
  class space    used 2802K, capacity 2993K, committed 3072K, reserved 1048576K
}
Event: 76.737 GC heap before
{Heap before GC invocations=6 (full 1):
 PSYoungGen      total 71680K, used 66560K [0x00000000d5d80000, 0x00000000da880000, 0x0000000100000000)
  eden space 66560K, 100% used [0x00000000d5d80000,0x00000000d9e80000,0x00000000d9e80000)
  from space 5120K, 0% used [0x00000000da380000,0x00000000da380000,0x00000000da880000)
  to   space 5120K, 0% used [0x00000000d9e80000,0x00000000d9e80000,0x00000000da380000)
 ParOldGen       total 107520K, used 38288K [0x0000000081800000, 0x0000000088100000, 0x00000000d5d80000)
  object space 107520K, 35% used [0x0000000081800000,0x0000000083d64268,0x0000000088100000)
 Metaspace       used 23799K, capacity 24836K, committed 25088K, reserved 1071104K
  class space    used 3318K, capacity 3565K, committed 3584K, reserved 1048576K
Event: 76.743 GC heap after
Heap after GC invocations=6 (full 1):
 PSYoungGen      total 71680K, used 5108K [0x00000000d5d80000, 0x00000000df900000, 0x0000000100000000)
  eden space 66560K, 0% used [0x00000000d5d80000,0x00000000d5d80000,0x00000000d9e80000)
  from space 5120K, 99% used [0x00000000d9e80000,0x00000000da37d280,0x00000000da380000)
  to   space 27648K, 0% used [0x00000000dde00000,0x00000000dde00000,0x00000000df900000)
 ParOldGen       total 107520K, used 38539K [0x0000000081800000, 0x0000000088100000, 0x00000000d5d80000)
  object space 107520K, 35% used [0x0000000081800000,0x0000000083da2c58,0x0000000088100000)
 Metaspace       used 23799K, capacity 24836K, committed 25088K, reserved 1071104K
  class space    used 3318K, capacity 3565K, committed 3584K, reserved 1048576K
}

