# JRE version: Java(TM) SE Runtime Environment (8.0_202-b08) (build 1.8.0_202-b08)
# Java VM: Java HotSpot(TM) 64-Bit Server VM (25.202-b08 mixed mode windows-amd64 compressed oops)
Heap:
 PSYoungGen      total 71680K, used 25166K [0x00000000d5d80000, 0x00000000e0300000, 0x0000000100000000)
  eden space 66560K, 30% used [0x00000000d5d80000,0x00000000d711b108,0x00000000d9e80000)
  from space 5120K, 99% used [0x00000000d9e80000,0x00000000da378800,0x00000000da380000)
  to   space 27648K, 0% used [0x00000000de800000,0x00000000de800000,0x00000000e0300000)
 ParOldGen       total 102912K, used 38490K [0x0000000081800000, 0x0000000087c80000, 0x00000000d5d80000)
  object space 102912K, 37% used [0x0000000081800000,0x0000000083d96b78,0x0000000087c80000)
 Metaspace       used 26546K, capacity 27644K, committed 27904K, reserved 1073152K
  class space    used 3552K, capacity 3789K, committed 3840K, reserved 1048576K
GC Heap History (10 events):
Event: 5.462 GC heap before
{Heap before GC invocations=2 (full 0):
 PSYoungGen      total 38400K, used 37164K [0x00000000d5d80000, 0x00000000d8800000, 0x0000000100000000)
  eden space 33280K, 100% used [0x00000000d5d80000,0x00000000d7e00000,0x00000000d7e00000)
  from space 5120K, 75% used [0x00000000d7e00000,0x00000000d81cb198,0x00000000d8300000)
  to   space 5120K, 0% used [0x00000000d8300000,0x00000000d8300000,0x00000000d8800000)
 ParOldGen       total 87552K, used 8K [0x0000000081800000, 0x0000000086d80000, 0x00000000d5d80000)
  object space 87552K, 0% used [0x0000000081800000,0x0000000081802000,0x0000000086d80000)
 Metaspace       used 17584K, capacity 18122K, committed 18432K, reserved 1064960K
  class space    used 2307K, capacity 2450K, committed 2560K, reserved 1048576K
Event: 5.473 GC heap after
Heap after GC invocations=2 (full 0):
 PSYoungGen      total 38400K, used 5117K [0x00000000d5d80000, 0x00000000d8800000, 0x0000000100000000)
  eden space 33280K, 0% used [0x00000000d5d80000,0x00000000d5d80000,0x00000000d7e00000)
  from space 5120K, 99% used [0x00000000d8300000,0x00000000d87ff7b0,0x00000000d8800000)
  to   space 5120K, 0% used [0x00000000d7e00000,0x00000000d7e00000,0x00000000d8300000)
 ParOldGen       total 87552K, used 320K [0x0000000081800000, 0x0000000086d80000, 0x00000000d5d80000)
  object space 87552K, 0% used [0x0000000081800000,0x0000000081850010,0x0000000086d80000)
 Metaspace       used 17584K, capacity 18122K, committed 18432K, reserved 1064960K
  class space    used 2307K, capacity 2450K, committed 2560K, reserved 1048576K
}
Event: 6.185 GC heap before
{Heap before GC invocations=3 (full 0):
 PSYoungGen      total 38400K, used 36887K [0x00000000d5d80000, 0x00000000d8800000, 0x0000000100000000)
  eden space 33280K, 95% used [0x00000000d5d80000,0x00000000d7c866e8,0x00000000d7e00000)
  from space 5120K, 99% used [0x00000000d8300000,0x00000000d87ff7b0,0x00000000d8800000)
  to   space 5120K, 0% used [0x00000000d7e00000,0x00000000d7e00000,0x00000000d8300000)
 ParOldGen       total 87552K, used 320K [0x0000000081800000, 0x0000000086d80000, 0x00000000d5d80000)
  object space 87552K, 0% used [0x0000000081800000,0x0000000081850010,0x0000000086d80000)
 Metaspace       used 19216K, capacity 19814K, committed 19968K, reserved 1067008K
  class space    used 2585K, capacity 2774K, committed 2816K, reserved 1048576K
Event: 6.216 GC heap after
Heap after GC invocations=3 (full 0):
 PSYoungGen      total 38400K, used 5112K [0x00000000d5d80000, 0x00000000da880000, 0x0000000100000000)
  eden space 33280K, 0% used [0x00000000d5d80000,0x00000000d5d80000,0x00000000d7e00000)
  from space 5120K, 99% used [0x00000000d7e00000,0x00000000d82fe1d8,0x00000000d8300000)
  to   space 5120K, 0% used [0x00000000da380000,0x00000000da380000,0x00000000da880000)
 ParOldGen       total 87552K, used 27080K [0x0000000081800000, 0x0000000086d80000, 0x00000000d5d80000)
  object space 87552K, 30% used [0x0000000081800000,0x0000000083272048,0x0000000086d80000)
 Metaspace       used 19216K, capacity 19814K, committed 19968K, reserved 1067008K
  class space    used 2585K, capacity 2774K, committed 2816K, reserved 1048576K
}
Event: 6.463 GC heap before
{Heap before GC invocations=4 (full 0):
 PSYoungGen      total 38400K, used 15109K [0x00000000d5d80000, 0x00000000da880000, 0x0000000100000000)
  eden space 33280K, 30% used [0x00000000d5d80000,0x00000000d6743528,0x00000000d7e00000)
  from space 5120K, 99% used [0x00000000d7e00000,0x00000000d82fe1d8,0x00000000d8300000)
  to   space 5120K, 0% used [0x00000000da380000,0x00000000da380000,0x00000000da880000)
 ParOldGen       total 87552K, used 27080K [0x0000000081800000, 0x0000000086d80000, 0x00000000d5d80000)
  object space 87552K, 30% used [0x0000000081800000,0x0000000083272048,0x0000000086d80000)
 Metaspace       used 20314K, capacity 21124K, committed 21248K, reserved 1067008K
  class space    used 2804K, capacity 2993K, committed 3072K, reserved 1048576K
Event: 6.496 GC heap after
Heap after GC invocations=4 (full 0):
 PSYoungGen      total 71680K, used 5118K [0x00000000d5d80000, 0x00000000da880000, 0x0000000100000000)
  eden space 66560K, 0% used [0x00000000d5d80000,0x00000000d5d80000,0x00000000d9e80000)
  from space 5120K, 99% used [0x00000000da380000,0x00000000da87f860,0x00000000da880000)
  to   space 5120K, 0% used [0x00000000d9e80000,0x00000000d9e80000,0x00000000da380000)
 ParOldGen       total 87552K, used 33321K [0x0000000081800000, 0x0000000086d80000, 0x00000000d5d80000)
  object space 87552K, 38% used [0x0000000081800000,0x000000008388a658,0x0000000086d80000)
 Metaspace       used 20314K, capacity 21124K, committed 21248K, reserved 1067008K
  class space    used 2804K, capacity 2993K, committed 3072K, reserved 1048576K
}
Event: 6.496 GC heap before
{Heap before GC invocations=5 (full 1):
 PSYoungGen      total 71680K, used 5118K [0x00000000d5d80000, 0x00000000da880000, 0x0000000100000000)
  eden space 66560K, 0% used [0x00000000d5d80000,0x00000000d5d80000,0x00000000d9e80000)
  from space 5120K, 99% used [0x00000000da380000,0x00000000da87f860,0x00000000da880000)
  to   space 5120K, 0% used [0x00000000d9e80000,0x00000000d9e80000,0x00000000da380000)
 ParOldGen       total 87552K, used 33321K [0x0000000081800000, 0x0000000086d80000, 0x00000000d5d80000)
  object space 87552K, 38% used [0x0000000081800000,0x000000008388a658,0x0000000086d80000)
 Metaspace       used 20314K, capacity 21124K, committed 21248K, reserved 1067008K
  class space    used 2804K, capacity 2993K, committed 3072K, reserved 1048576K
Event: 6.578 GC heap after
Heap after GC invocations=5 (full 1):
 PSYoungGen      total 71680K, used 0K [0x00000000d5d80000, 0x00000000da880000, 0x0000000100000000)
  eden space 66560K, 0% used [0x00000000d5d80000,0x00000000d5d80000,0x00000000d9e80000)
  from space 5120K, 0% used [0x00000000da380000,0x00000000da380000,0x00000000da880000)
  to   space 5120K, 0% used [0x00000000d9e80000,0x00000000d9e80000,0x00000000da380000)
 ParOldGen       total 102912K, used 38273K [0x0000000081800000, 0x0000000087c80000, 0x00000000d5d80000)
  object space 102912K, 37% used [0x0000000081800000,0x0000000083d60478,0x0000000087c80000)
 Metaspace       used 20314K, capacity 21124K, committed 21248K, reserved 1067008K
  class space    used 2804K, capacity 2993K, committed 3072K, reserved 1048576K
}
Event: 47.043 GC heap before
{Heap before GC invocations=6 (full 1):
 PSYoungGen      total 71680K, used 66560K [0x00000000d5d80000, 0x00000000da880000, 0x0000000100000000)
  eden space 66560K, 100% used [0x00000000d5d80000,0x00000000d9e80000,0x00000000d9e80000)
  from space 5120K, 0% used [0x00000000da380000,0x00000000da380000,0x00000000da880000)
  to   space 5120K, 0% used [0x00000000d9e80000,0x00000000d9e80000,0x00000000da380000)
 ParOldGen       total 102912K, used 38273K [0x0000000081800000, 0x0000000087c80000, 0x00000000d5d80000)
  object space 102912K, 37% used [0x0000000081800000,0x0000000083d60478,0x0000000087c80000)
 Metaspace       used 23762K, capacity 24796K, committed 24832K, reserved 1071104K
  class space    used 3306K, capacity 3549K, committed 3584K, reserved 1048576K
Event: 47.048 GC heap after
Heap after GC invocations=6 (full 1):
 PSYoungGen      total 71680K, used 5090K [0x00000000d5d80000, 0x00000000e0300000, 0x0000000100000000)
  eden space 66560K, 0% used [0x00000000d5d80000,0x00000000d5d80000,0x00000000d9e80000)
  from space 5120K, 99% used [0x00000000d9e80000,0x00000000da378800,0x00000000da380000)
  to   space 27648K, 0% used [0x00000000de800000,0x00000000de800000,0x00000000e0300000)
 ParOldGen       total 102912K, used 38490K [0x0000000081800000, 0x0000000087c80000, 0x00000000d5d80000)
  object space 102912K, 37% used [0x0000000081800000,0x0000000083d96b78,0x0000000087c80000)
 Metaspace       used 23762K, capacity 24796K, committed 24832K, reserved 1071104K
  class space    used 3306K, capacity 3549K, committed 3584K, reserved 1048576K
}

