# JRE version: Java(TM) SE Runtime Environment (8.0_181-b13) (build 1.8.0_181-b13)
# Java VM: Java HotSpot(TM) 64-Bit Server VM (25.181-b13 mixed mode windows-amd64 compressed oops)
Heap:
 PSYoungGen      total 66560K, used 29522K [0x0000000776200000, 0x000000077c200000, 0x00000007c0000000)
  eden space 57344K, 42% used [0x0000000776200000,0x0000000777989140,0x0000000779a00000)
  from space 9216K, 58% used [0x0000000779a00000,0x0000000779f4b9c0,0x000000077a300000)
  to   space 9216K, 0% used [0x000000077b900000,0x000000077b900000,0x000000077c200000)
 ParOldGen       total 162304K, used 38382K [0x00000006e2600000, 0x00000006ec480000, 0x0000000776200000)
  object space 162304K, 23% used [0x00000006e2600000,0x00000006e4b7b8d8,0x00000006ec480000)
 Metaspace       used 26485K, capacity 27604K, committed 27904K, reserved 1073152K
  class space    used 3558K, capacity 3791K, committed 3840K, reserved 1048576K
GC Heap History (8 events):
Event: 4.135 GC heap before
{Heap before GC invocations=1 (full 0):
 PSYoungGen      total 66560K, used 57344K [0x0000000776200000, 0x000000077ac00000, 0x00000007c0000000)
  eden space 57344K, 100% used [0x0000000776200000,0x0000000779a00000,0x0000000779a00000)
  from space 9216K, 0% used [0x000000077a300000,0x000000077a300000,0x000000077ac00000)
  to   space 9216K, 0% used [0x0000000779a00000,0x0000000779a00000,0x000000077a300000)
 ParOldGen       total 151552K, used 0K [0x00000006e2600000, 0x00000006eba00000, 0x0000000776200000)
  object space 151552K, 0% used [0x00000006e2600000,0x00000006e2600000,0x00000006eba00000)
 Metaspace       used 15823K, capacity 16296K, committed 16512K, reserved 1062912K
  class space    used 1979K, capacity 2145K, committed 2176K, reserved 1048576K
Event: 4.191 GC heap after
Heap after GC invocations=1 (full 0):
 PSYoungGen      total 66560K, used 6185K [0x0000000776200000, 0x000000077ac00000, 0x00000007c0000000)
  eden space 57344K, 0% used [0x0000000776200000,0x0000000776200000,0x0000000779a00000)
  from space 9216K, 67% used [0x0000000779a00000,0x000000077a00a678,0x000000077a300000)
  to   space 9216K, 0% used [0x000000077a300000,0x000000077a300000,0x000000077ac00000)
 ParOldGen       total 151552K, used 80K [0x00000006e2600000, 0x00000006eba00000, 0x0000000776200000)
  object space 151552K, 0% used [0x00000006e2600000,0x00000006e2614010,0x00000006eba00000)
 Metaspace       used 15823K, capacity 16296K, committed 16512K, reserved 1062912K
  class space    used 1979K, capacity 2145K, committed 2176K, reserved 1048576K
}
Event: 5.959 GC heap before
{Heap before GC invocations=2 (full 0):
 PSYoungGen      total 66560K, used 58905K [0x0000000776200000, 0x000000077ac00000, 0x00000007c0000000)
  eden space 57344K, 91% used [0x0000000776200000,0x000000077957c048,0x0000000779a00000)
  from space 9216K, 67% used [0x0000000779a00000,0x000000077a00a678,0x000000077a300000)
  to   space 9216K, 0% used [0x000000077a300000,0x000000077a300000,0x000000077ac00000)
 ParOldGen       total 151552K, used 80K [0x00000006e2600000, 0x00000006eba00000, 0x0000000776200000)
  object space 151552K, 0% used [0x00000006e2600000,0x00000006e2614010,0x00000006eba00000)
 Metaspace       used 20348K, capacity 21194K, committed 21248K, reserved 1067008K
  class space    used 2815K, capacity 3030K, committed 3072K, reserved 1048576K
Event: 5.980 GC heap after
Heap after GC invocations=2 (full 0):
 PSYoungGen      total 66560K, used 9199K [0x0000000776200000, 0x000000077ac00000, 0x00000007c0000000)
  eden space 57344K, 0% used [0x0000000776200000,0x0000000776200000,0x0000000779a00000)
  from space 9216K, 99% used [0x000000077a300000,0x000000077abfbc48,0x000000077ac00000)
  to   space 9216K, 0% used [0x0000000779a00000,0x0000000779a00000,0x000000077a300000)
 ParOldGen       total 151552K, used 29320K [0x00000006e2600000, 0x00000006eba00000, 0x0000000776200000)
  object space 151552K, 19% used [0x00000006e2600000,0x00000006e42a2258,0x00000006eba00000)
 Metaspace       used 20348K, capacity 21194K, committed 21248K, reserved 1067008K
  class space    used 2815K, capacity 3030K, committed 3072K, reserved 1048576K
}
Event: 5.980 GC heap before
{Heap before GC invocations=3 (full 1):
 PSYoungGen      total 66560K, used 9199K [0x0000000776200000, 0x000000077ac00000, 0x00000007c0000000)
  eden space 57344K, 0% used [0x0000000776200000,0x0000000776200000,0x0000000779a00000)
  from space 9216K, 99% used [0x000000077a300000,0x000000077abfbc48,0x000000077ac00000)
  to   space 9216K, 0% used [0x0000000779a00000,0x0000000779a00000,0x000000077a300000)
 ParOldGen       total 151552K, used 29320K [0x00000006e2600000, 0x00000006eba00000, 0x0000000776200000)
  object space 151552K, 19% used [0x00000006e2600000,0x00000006e42a2258,0x00000006eba00000)
 Metaspace       used 20348K, capacity 21194K, committed 21248K, reserved 1067008K
  class space    used 2815K, capacity 3030K, committed 3072K, reserved 1048576K
Event: 6.022 GC heap after
Heap after GC invocations=3 (full 1):
 PSYoungGen      total 66560K, used 0K [0x0000000776200000, 0x000000077ac00000, 0x00000007c0000000)
  eden space 57344K, 0% used [0x0000000776200000,0x0000000776200000,0x0000000779a00000)
  from space 9216K, 0% used [0x000000077a300000,0x000000077a300000,0x000000077ac00000)
  to   space 9216K, 0% used [0x0000000779a00000,0x0000000779a00000,0x000000077a300000)
 ParOldGen       total 162304K, used 38374K [0x00000006e2600000, 0x00000006ec480000, 0x0000000776200000)
  object space 162304K, 23% used [0x00000006e2600000,0x00000006e4b798d8,0x00000006ec480000)
 Metaspace       used 20348K, capacity 21194K, committed 21248K, reserved 1067008K
  class space    used 2815K, capacity 3030K, committed 3072K, reserved 1048576K
}
Event: 45.671 GC heap before
{Heap before GC invocations=4 (full 1):
 PSYoungGen      total 66560K, used 57344K [0x0000000776200000, 0x000000077ac00000, 0x00000007c0000000)
  eden space 57344K, 100% used [0x0000000776200000,0x0000000779a00000,0x0000000779a00000)
  from space 9216K, 0% used [0x000000077a300000,0x000000077a300000,0x000000077ac00000)
  to   space 9216K, 0% used [0x0000000779a00000,0x0000000779a00000,0x000000077a300000)
 ParOldGen       total 162304K, used 38374K [0x00000006e2600000, 0x00000006ec480000, 0x0000000776200000)
  object space 162304K, 23% used [0x00000006e2600000,0x00000006e4b798d8,0x00000006ec480000)
 Metaspace       used 23619K, capacity 24686K, committed 24832K, reserved 1071104K
  class space    used 3311K, capacity 3550K, committed 3584K, reserved 1048576K
Event: 45.674 GC heap after
Heap after GC invocations=4 (full 1):
 PSYoungGen      total 66560K, used 5422K [0x0000000776200000, 0x000000077c200000, 0x00000007c0000000)
  eden space 57344K, 0% used [0x0000000776200000,0x0000000776200000,0x0000000779a00000)
  from space 9216K, 58% used [0x0000000779a00000,0x0000000779f4b9c0,0x000000077a300000)
  to   space 9216K, 0% used [0x000000077b900000,0x000000077b900000,0x000000077c200000)
 ParOldGen       total 162304K, used 38382K [0x00000006e2600000, 0x00000006ec480000, 0x0000000776200000)
  object space 162304K, 23% used [0x00000006e2600000,0x00000006e4b7b8d8,0x00000006ec480000)
 Metaspace       used 23619K, capacity 24686K, committed 24832K, reserved 1071104K
  class space    used 3311K, capacity 3550K, committed 3584K, reserved 1048576K
}

