# JRE version: Java(TM) SE Runtime Environment (8.0_181-b13) (build 1.8.0_181-b13)
# Java VM: Java HotSpot(TM) 64-Bit Server VM (25.181-b13 mixed mode windows-amd64 compressed oops)
Heap:
 PSYoungGen      total 66560K, used 31552K [0x0000000776200000, 0x000000077bb80000, 0x00000007c0000000)
  eden space 57344K, 45% used [0x0000000776200000,0x0000000777b93ab0,0x0000000779a00000)
  from space 9216K, 58% used [0x0000000779a00000,0x0000000779f3c660,0x000000077a300000)
  to   space 9216K, 0% used [0x000000077b280000,0x000000077b280000,0x000000077bb80000)
 ParOldGen       total 169984K, used 38390K [0x00000006e2600000, 0x00000006ecc00000, 0x0000000776200000)
  object space 169984K, 22% used [0x00000006e2600000,0x00000006e4b7db20,0x00000006ecc00000)
 Metaspace       used 26646K, capacity 27730K, committed 27904K, reserved 1073152K
  class space    used 3559K, capacity 3790K, committed 3840K, reserved 1048576K
GC Heap History (8 events):
Event: 1.499 GC heap before
{Heap before GC invocations=1 (full 0):
 PSYoungGen      total 66560K, used 57344K [0x0000000776200000, 0x000000077ac00000, 0x00000007c0000000)
  eden space 57344K, 100% used [0x0000000776200000,0x0000000779a00000,0x0000000779a00000)
  from space 9216K, 0% used [0x000000077a300000,0x000000077a300000,0x000000077ac00000)
  to   space 9216K, 0% used [0x0000000779a00000,0x0000000779a00000,0x000000077a300000)
 ParOldGen       total 151552K, used 0K [0x00000006e2600000, 0x00000006eba00000, 0x0000000776200000)
  object space 151552K, 0% used [0x00000006e2600000,0x00000006e2600000,0x00000006eba00000)
 Metaspace       used 15912K, capacity 16450K, committed 16512K, reserved 1062912K
  class space    used 2005K, capacity 2150K, committed 2176K, reserved 1048576K
Event: 1.505 GC heap after
Heap after GC invocations=1 (full 0):
 PSYoungGen      total 66560K, used 6283K [0x0000000776200000, 0x000000077ac00000, 0x00000007c0000000)
  eden space 57344K, 0% used [0x0000000776200000,0x0000000776200000,0x0000000779a00000)
  from space 9216K, 68% used [0x0000000779a00000,0x000000077a022cf8,0x000000077a300000)
  to   space 9216K, 0% used [0x000000077a300000,0x000000077a300000,0x000000077ac00000)
 ParOldGen       total 151552K, used 80K [0x00000006e2600000, 0x00000006eba00000, 0x0000000776200000)
  object space 151552K, 0% used [0x00000006e2600000,0x00000006e2614010,0x00000006eba00000)
 Metaspace       used 15912K, capacity 16450K, committed 16512K, reserved 1062912K
  class space    used 2005K, capacity 2150K, committed 2176K, reserved 1048576K
}
Event: 2.315 GC heap before
{Heap before GC invocations=2 (full 0):
 PSYoungGen      total 66560K, used 56941K [0x0000000776200000, 0x000000077ac00000, 0x00000007c0000000)
  eden space 57344K, 88% used [0x0000000776200000,0x0000000779378708,0x0000000779a00000)
  from space 9216K, 68% used [0x0000000779a00000,0x000000077a022cf8,0x000000077a300000)
  to   space 9216K, 0% used [0x000000077a300000,0x000000077a300000,0x000000077ac00000)
 ParOldGen       total 151552K, used 80K [0x00000006e2600000, 0x00000006eba00000, 0x0000000776200000)
  object space 151552K, 0% used [0x00000006e2600000,0x00000006e2614010,0x00000006eba00000)
 Metaspace       used 20328K, capacity 21194K, committed 21248K, reserved 1067008K
  class space    used 2814K, capacity 3030K, committed 3072K, reserved 1048576K
Event: 2.333 GC heap after
Heap after GC invocations=2 (full 0):
 PSYoungGen      total 66560K, used 9210K [0x0000000776200000, 0x000000077e400000, 0x00000007c0000000)
  eden space 57344K, 0% used [0x0000000776200000,0x0000000776200000,0x0000000779a00000)
  from space 9216K, 99% used [0x000000077a300000,0x000000077abfeaf0,0x000000077ac00000)
  to   space 9216K, 0% used [0x0000000779a00000,0x0000000779a00000,0x000000077a300000)
 ParOldGen       total 151552K, used 29284K [0x00000006e2600000, 0x00000006eba00000, 0x0000000776200000)
  object space 151552K, 19% used [0x00000006e2600000,0x00000006e42993b0,0x00000006eba00000)
 Metaspace       used 20328K, capacity 21194K, committed 21248K, reserved 1067008K
  class space    used 2814K, capacity 3030K, committed 3072K, reserved 1048576K
}
Event: 2.333 GC heap before
{Heap before GC invocations=3 (full 1):
 PSYoungGen      total 66560K, used 9210K [0x0000000776200000, 0x000000077e400000, 0x00000007c0000000)
  eden space 57344K, 0% used [0x0000000776200000,0x0000000776200000,0x0000000779a00000)
  from space 9216K, 99% used [0x000000077a300000,0x000000077abfeaf0,0x000000077ac00000)
  to   space 9216K, 0% used [0x0000000779a00000,0x0000000779a00000,0x000000077a300000)
 ParOldGen       total 151552K, used 29284K [0x00000006e2600000, 0x00000006eba00000, 0x0000000776200000)
  object space 151552K, 19% used [0x00000006e2600000,0x00000006e42993b0,0x00000006eba00000)
 Metaspace       used 20328K, capacity 21194K, committed 21248K, reserved 1067008K
  class space    used 2814K, capacity 3030K, committed 3072K, reserved 1048576K
Event: 2.385 GC heap after
Heap after GC invocations=3 (full 1):
 PSYoungGen      total 66560K, used 0K [0x0000000776200000, 0x000000077e400000, 0x00000007c0000000)
  eden space 57344K, 0% used [0x0000000776200000,0x0000000776200000,0x0000000779a00000)
  from space 9216K, 0% used [0x000000077a300000,0x000000077a300000,0x000000077ac00000)
  to   space 9216K, 0% used [0x0000000779a00000,0x0000000779a00000,0x000000077a300000)
 ParOldGen       total 169984K, used 38382K [0x00000006e2600000, 0x00000006ecc00000, 0x0000000776200000)
  object space 169984K, 22% used [0x00000006e2600000,0x00000006e4b7bb20,0x00000006ecc00000)
 Metaspace       used 20328K, capacity 21194K, committed 21248K, reserved 1067008K
  class space    used 2814K, capacity 3030K, committed 3072K, reserved 1048576K
}
Event: 15.335 GC heap before
{Heap before GC invocations=4 (full 1):
 PSYoungGen      total 66560K, used 57344K [0x0000000776200000, 0x000000077e400000, 0x00000007c0000000)
  eden space 57344K, 100% used [0x0000000776200000,0x0000000779a00000,0x0000000779a00000)
  from space 9216K, 0% used [0x000000077a300000,0x000000077a300000,0x000000077ac00000)
  to   space 9216K, 0% used [0x0000000779a00000,0x0000000779a00000,0x000000077a300000)
 ParOldGen       total 169984K, used 38382K [0x00000006e2600000, 0x00000006ecc00000, 0x0000000776200000)
  object space 169984K, 22% used [0x00000006e2600000,0x00000006e4b7bb20,0x00000006ecc00000)
 Metaspace       used 23809K, capacity 24874K, committed 25088K, reserved 1071104K
  class space    used 3313K, capacity 3550K, committed 3584K, reserved 1048576K
Event: 15.340 GC heap after
Heap after GC invocations=4 (full 1):
 PSYoungGen      total 66560K, used 5361K [0x0000000776200000, 0x000000077bb80000, 0x00000007c0000000)
  eden space 57344K, 0% used [0x0000000776200000,0x0000000776200000,0x0000000779a00000)
  from space 9216K, 58% used [0x0000000779a00000,0x0000000779f3c660,0x000000077a300000)
  to   space 9216K, 0% used [0x000000077b280000,0x000000077b280000,0x000000077bb80000)
 ParOldGen       total 169984K, used 38390K [0x00000006e2600000, 0x00000006ecc00000, 0x0000000776200000)
  object space 169984K, 22% used [0x00000006e2600000,0x00000006e4b7db20,0x00000006ecc00000)
 Metaspace       used 23809K, capacity 24874K, committed 25088K, reserved 1071104K
  class space    used 3313K, capacity 3550K, committed 3584K, reserved 1048576K
}

