# JRE version: Java(TM) SE Runtime Environment (8.0_181-b13) (build 1.8.0_181-b13)
# Java VM: Java HotSpot(TM) 64-Bit Server VM (25.181-b13 mixed mode windows-amd64 compressed oops)
Heap:
 PSYoungGen      total 66560K, used 31622K [0x0000000776200000, 0x000000077c100000, 0x00000007c0000000)
  eden space 57344K, 45% used [0x0000000776200000,0x0000000777b994a8,0x0000000779a00000)
  from space 9216K, 58% used [0x0000000779a00000,0x0000000779f48440,0x000000077a300000)
  to   space 9216K, 0% used [0x000000077b800000,0x000000077b800000,0x000000077c100000)
 ParOldGen       total 163840K, used 38351K [0x00000006e2600000, 0x00000006ec600000, 0x0000000776200000)
  object space 163840K, 23% used [0x00000006e2600000,0x00000006e4b73e50,0x00000006ec600000)
 Metaspace       used 26567K, capacity 27590K, committed 27904K, reserved 1073152K
  class space    used 3557K, capacity 3790K, committed 3840K, reserved 1048576K
GC Heap History (8 events):
Event: 1.490 GC heap before
{Heap before GC invocations=1 (full 0):
 PSYoungGen      total 66560K, used 57344K [0x0000000776200000, 0x000000077ac00000, 0x00000007c0000000)
  eden space 57344K, 100% used [0x0000000776200000,0x0000000779a00000,0x0000000779a00000)
  from space 9216K, 0% used [0x000000077a300000,0x000000077a300000,0x000000077ac00000)
  to   space 9216K, 0% used [0x0000000779a00000,0x0000000779a00000,0x000000077a300000)
 ParOldGen       total 151552K, used 0K [0x00000006e2600000, 0x00000006eba00000, 0x0000000776200000)
  object space 151552K, 0% used [0x00000006e2600000,0x00000006e2600000,0x00000006eba00000)
 Metaspace       used 15774K, capacity 16232K, committed 16512K, reserved 1062912K
  class space    used 1978K, capacity 2145K, committed 2176K, reserved 1048576K
Event: 1.496 GC heap after
Heap after GC invocations=1 (full 0):
 PSYoungGen      total 66560K, used 6169K [0x0000000776200000, 0x000000077ac00000, 0x00000007c0000000)
  eden space 57344K, 0% used [0x0000000776200000,0x0000000776200000,0x0000000779a00000)
  from space 9216K, 66% used [0x0000000779a00000,0x000000077a006668,0x000000077a300000)
  to   space 9216K, 0% used [0x000000077a300000,0x000000077a300000,0x000000077ac00000)
 ParOldGen       total 151552K, used 80K [0x00000006e2600000, 0x00000006eba00000, 0x0000000776200000)
  object space 151552K, 0% used [0x00000006e2600000,0x00000006e2614010,0x00000006eba00000)
 Metaspace       used 15774K, capacity 16232K, committed 16512K, reserved 1062912K
  class space    used 1978K, capacity 2145K, committed 2176K, reserved 1048576K
}
Event: 2.081 GC heap before
{Heap before GC invocations=2 (full 0):
 PSYoungGen      total 66560K, used 57436K [0x0000000776200000, 0x000000077ac00000, 0x00000007c0000000)
  eden space 57344K, 89% used [0x0000000776200000,0x0000000779410b38,0x0000000779a00000)
  from space 9216K, 66% used [0x0000000779a00000,0x000000077a006668,0x000000077a300000)
  to   space 9216K, 0% used [0x000000077a300000,0x000000077a300000,0x000000077ac00000)
 ParOldGen       total 151552K, used 80K [0x00000006e2600000, 0x00000006eba00000, 0x0000000776200000)
  object space 151552K, 0% used [0x00000006e2600000,0x00000006e2614010,0x00000006eba00000)
 Metaspace       used 20426K, capacity 21226K, committed 21248K, reserved 1067008K
  class space    used 2853K, capacity 3062K, committed 3072K, reserved 1048576K
Event: 2.099 GC heap after
Heap after GC invocations=2 (full 0):
 PSYoungGen      total 66560K, used 9195K [0x0000000776200000, 0x000000077e400000, 0x00000007c0000000)
  eden space 57344K, 0% used [0x0000000776200000,0x0000000776200000,0x0000000779a00000)
  from space 9216K, 99% used [0x000000077a300000,0x000000077abfafb8,0x000000077ac00000)
  to   space 9216K, 0% used [0x0000000779a00000,0x0000000779a00000,0x000000077a300000)
 ParOldGen       total 151552K, used 29272K [0x00000006e2600000, 0x00000006eba00000, 0x0000000776200000)
  object space 151552K, 19% used [0x00000006e2600000,0x00000006e4296258,0x00000006eba00000)
 Metaspace       used 20426K, capacity 21226K, committed 21248K, reserved 1067008K
  class space    used 2853K, capacity 3062K, committed 3072K, reserved 1048576K
}
Event: 2.099 GC heap before
{Heap before GC invocations=3 (full 1):
 PSYoungGen      total 66560K, used 9195K [0x0000000776200000, 0x000000077e400000, 0x00000007c0000000)
  eden space 57344K, 0% used [0x0000000776200000,0x0000000776200000,0x0000000779a00000)
  from space 9216K, 99% used [0x000000077a300000,0x000000077abfafb8,0x000000077ac00000)
  to   space 9216K, 0% used [0x0000000779a00000,0x0000000779a00000,0x000000077a300000)
 ParOldGen       total 151552K, used 29272K [0x00000006e2600000, 0x00000006eba00000, 0x0000000776200000)
  object space 151552K, 19% used [0x00000006e2600000,0x00000006e4296258,0x00000006eba00000)
 Metaspace       used 20426K, capacity 21226K, committed 21248K, reserved 1067008K
  class space    used 2853K, capacity 3062K, committed 3072K, reserved 1048576K
Event: 2.139 GC heap after
Heap after GC invocations=3 (full 1):
 PSYoungGen      total 66560K, used 0K [0x0000000776200000, 0x000000077e400000, 0x00000007c0000000)
  eden space 57344K, 0% used [0x0000000776200000,0x0000000776200000,0x0000000779a00000)
  from space 9216K, 0% used [0x000000077a300000,0x000000077a300000,0x000000077ac00000)
  to   space 9216K, 0% used [0x0000000779a00000,0x0000000779a00000,0x000000077a300000)
 ParOldGen       total 163840K, used 38343K [0x00000006e2600000, 0x00000006ec600000, 0x0000000776200000)
  object space 163840K, 23% used [0x00000006e2600000,0x00000006e4b71e50,0x00000006ec600000)
 Metaspace       used 20426K, capacity 21226K, committed 21248K, reserved 1067008K
  class space    used 2853K, capacity 3062K, committed 3072K, reserved 1048576K
}
Event: 7.999 GC heap before
{Heap before GC invocations=4 (full 1):
 PSYoungGen      total 66560K, used 57344K [0x0000000776200000, 0x000000077e400000, 0x00000007c0000000)
  eden space 57344K, 100% used [0x0000000776200000,0x0000000779a00000,0x0000000779a00000)
  from space 9216K, 0% used [0x000000077a300000,0x000000077a300000,0x000000077ac00000)
  to   space 9216K, 0% used [0x0000000779a00000,0x0000000779a00000,0x000000077a300000)
 ParOldGen       total 163840K, used 38343K [0x00000006e2600000, 0x00000006ec600000, 0x0000000776200000)
  object space 163840K, 23% used [0x00000006e2600000,0x00000006e4b71e50,0x00000006ec600000)
 Metaspace       used 23648K, capacity 24678K, committed 24832K, reserved 1071104K
  class space    used 3311K, capacity 3550K, committed 3584K, reserved 1048576K
Event: 8.002 GC heap after
Heap after GC invocations=4 (full 1):
 PSYoungGen      total 66560K, used 5409K [0x0000000776200000, 0x000000077c100000, 0x00000007c0000000)
  eden space 57344K, 0% used [0x0000000776200000,0x0000000776200000,0x0000000779a00000)
  from space 9216K, 58% used [0x0000000779a00000,0x0000000779f48440,0x000000077a300000)
  to   space 9216K, 0% used [0x000000077b800000,0x000000077b800000,0x000000077c100000)
 ParOldGen       total 163840K, used 38351K [0x00000006e2600000, 0x00000006ec600000, 0x0000000776200000)
  object space 163840K, 23% used [0x00000006e2600000,0x00000006e4b73e50,0x00000006ec600000)
 Metaspace       used 23648K, capacity 24678K, committed 24832K, reserved 1071104K
  class space    used 3311K, capacity 3550K, committed 3584K, reserved 1048576K
}

