# JRE version: Java(TM) SE Runtime Environment (8.0_181-b13) (build 1.8.0_181-b13)
# Java VM: Java HotSpot(TM) 64-Bit Server VM (25.181-b13 mixed mode windows-amd64 compressed oops)
Heap:
 PSYoungGen      total 66560K, used 32485K [0x0000000776200000, 0x000000077be00000, 0x00000007c0000000)
  eden space 57344K, 47% used [0x0000000776200000,0x0000000777c71b18,0x0000000779a00000)
  from space 9216K, 58% used [0x0000000779a00000,0x0000000779f47be0,0x000000077a300000)
  to   space 9216K, 0% used [0x000000077b500000,0x000000077b500000,0x000000077be00000)
 ParOldGen       total 167424K, used 38338K [0x00000006e2600000, 0x00000006ec980000, 0x0000000776200000)
  object space 167424K, 22% used [0x00000006e2600000,0x00000006e4b70a70,0x00000006ec980000)
 Metaspace       used 26818K, capacity 27900K, committed 28160K, reserved 1073152K
  class space    used 3562K, capacity 3823K, committed 3840K, reserved 1048576K
GC Heap History (8 events):
Event: 1.579 GC heap before
{Heap before GC invocations=1 (full 0):
 PSYoungGen      total 66560K, used 57344K [0x0000000776200000, 0x000000077ac00000, 0x00000007c0000000)
  eden space 57344K, 100% used [0x0000000776200000,0x0000000779a00000,0x0000000779a00000)
  from space 9216K, 0% used [0x000000077a300000,0x000000077a300000,0x000000077ac00000)
  to   space 9216K, 0% used [0x0000000779a00000,0x0000000779a00000,0x000000077a300000)
 ParOldGen       total 151552K, used 0K [0x00000006e2600000, 0x00000006eba00000, 0x0000000776200000)
  object space 151552K, 0% used [0x00000006e2600000,0x00000006e2600000,0x00000006eba00000)
 Metaspace       used 15792K, capacity 16296K, committed 16512K, reserved 1062912K
  class space    used 1978K, capacity 2145K, committed 2176K, reserved 1048576K
Event: 1.587 GC heap after
Heap after GC invocations=1 (full 0):
 PSYoungGen      total 66560K, used 6150K [0x0000000776200000, 0x000000077ac00000, 0x00000007c0000000)
  eden space 57344K, 0% used [0x0000000776200000,0x0000000776200000,0x0000000779a00000)
  from space 9216K, 66% used [0x0000000779a00000,0x000000077a0019c8,0x000000077a300000)
  to   space 9216K, 0% used [0x000000077a300000,0x000000077a300000,0x000000077ac00000)
 ParOldGen       total 151552K, used 80K [0x00000006e2600000, 0x00000006eba00000, 0x0000000776200000)
  object space 151552K, 0% used [0x00000006e2600000,0x00000006e2614010,0x00000006eba00000)
 Metaspace       used 15792K, capacity 16296K, committed 16512K, reserved 1062912K
  class space    used 1978K, capacity 2145K, committed 2176K, reserved 1048576K
}
Event: 2.417 GC heap before
{Heap before GC invocations=2 (full 0):
 PSYoungGen      total 66560K, used 57909K [0x0000000776200000, 0x000000077ac00000, 0x00000007c0000000)
  eden space 57344K, 90% used [0x0000000776200000,0x000000077948bc30,0x0000000779a00000)
  from space 9216K, 66% used [0x0000000779a00000,0x000000077a0019c8,0x000000077a300000)
  to   space 9216K, 0% used [0x000000077a300000,0x000000077a300000,0x000000077ac00000)
 ParOldGen       total 151552K, used 80K [0x00000006e2600000, 0x00000006eba00000, 0x0000000776200000)
  object space 151552K, 0% used [0x00000006e2600000,0x00000006e2614010,0x00000006eba00000)
 Metaspace       used 20352K, capacity 21194K, committed 21248K, reserved 1067008K
  class space    used 2817K, capacity 3030K, committed 3072K, reserved 1048576K
Event: 2.434 GC heap after
Heap after GC invocations=2 (full 0):
 PSYoungGen      total 66560K, used 9185K [0x0000000776200000, 0x000000077e400000, 0x00000007c0000000)
  eden space 57344K, 0% used [0x0000000776200000,0x0000000776200000,0x0000000779a00000)
  from space 9216K, 99% used [0x000000077a300000,0x000000077abf84b8,0x000000077ac00000)
  to   space 9216K, 0% used [0x0000000779a00000,0x0000000779a00000,0x000000077a300000)
 ParOldGen       total 151552K, used 29251K [0x00000006e2600000, 0x00000006eba00000, 0x0000000776200000)
  object space 151552K, 19% used [0x00000006e2600000,0x00000006e4290d68,0x00000006eba00000)
 Metaspace       used 20352K, capacity 21194K, committed 21248K, reserved 1067008K
  class space    used 2817K, capacity 3030K, committed 3072K, reserved 1048576K
}
Event: 2.434 GC heap before
{Heap before GC invocations=3 (full 1):
 PSYoungGen      total 66560K, used 9185K [0x0000000776200000, 0x000000077e400000, 0x00000007c0000000)
  eden space 57344K, 0% used [0x0000000776200000,0x0000000776200000,0x0000000779a00000)
  from space 9216K, 99% used [0x000000077a300000,0x000000077abf84b8,0x000000077ac00000)
  to   space 9216K, 0% used [0x0000000779a00000,0x0000000779a00000,0x000000077a300000)
 ParOldGen       total 151552K, used 29251K [0x00000006e2600000, 0x00000006eba00000, 0x0000000776200000)
  object space 151552K, 19% used [0x00000006e2600000,0x00000006e4290d68,0x00000006eba00000)
 Metaspace       used 20352K, capacity 21194K, committed 21248K, reserved 1067008K
  class space    used 2817K, capacity 3030K, committed 3072K, reserved 1048576K
Event: 2.479 GC heap after
Heap after GC invocations=3 (full 1):
 PSYoungGen      total 66560K, used 0K [0x0000000776200000, 0x000000077e400000, 0x00000007c0000000)
  eden space 57344K, 0% used [0x0000000776200000,0x0000000776200000,0x0000000779a00000)
  from space 9216K, 0% used [0x000000077a300000,0x000000077a300000,0x000000077ac00000)
  to   space 9216K, 0% used [0x0000000779a00000,0x0000000779a00000,0x000000077a300000)
 ParOldGen       total 167424K, used 38330K [0x00000006e2600000, 0x00000006ec980000, 0x0000000776200000)
  object space 167424K, 22% used [0x00000006e2600000,0x00000006e4b6ea70,0x00000006ec980000)
 Metaspace       used 20352K, capacity 21194K, committed 21248K, reserved 1067008K
  class space    used 2817K, capacity 3030K, committed 3072K, reserved 1048576K
}
Event: 6.152 GC heap before
{Heap before GC invocations=4 (full 1):
 PSYoungGen      total 66560K, used 57344K [0x0000000776200000, 0x000000077e400000, 0x00000007c0000000)
  eden space 57344K, 100% used [0x0000000776200000,0x0000000779a00000,0x0000000779a00000)
  from space 9216K, 0% used [0x000000077a300000,0x000000077a300000,0x000000077ac00000)
  to   space 9216K, 0% used [0x0000000779a00000,0x0000000779a00000,0x000000077a300000)
 ParOldGen       total 167424K, used 38330K [0x00000006e2600000, 0x00000006ec980000, 0x0000000776200000)
  object space 167424K, 22% used [0x00000006e2600000,0x00000006e4b6ea70,0x00000006ec980000)
 Metaspace       used 23581K, capacity 24614K, committed 24832K, reserved 1071104K
  class space    used 3310K, capacity 3550K, committed 3584K, reserved 1048576K
Event: 6.157 GC heap after
Heap after GC invocations=4 (full 1):
 PSYoungGen      total 66560K, used 5406K [0x0000000776200000, 0x000000077be00000, 0x00000007c0000000)
  eden space 57344K, 0% used [0x0000000776200000,0x0000000776200000,0x0000000779a00000)
  from space 9216K, 58% used [0x0000000779a00000,0x0000000779f47be0,0x000000077a300000)
  to   space 9216K, 0% used [0x000000077b500000,0x000000077b500000,0x000000077be00000)
 ParOldGen       total 167424K, used 38338K [0x00000006e2600000, 0x00000006ec980000, 0x0000000776200000)
  object space 167424K, 22% used [0x00000006e2600000,0x00000006e4b70a70,0x00000006ec980000)
 Metaspace       used 23581K, capacity 24614K, committed 24832K, reserved 1071104K
  class space    used 3310K, capacity 3550K, committed 3584K, reserved 1048576K
}

