# JRE version: Java(TM) SE Runtime Environment (8.0_181-b13) (build 1.8.0_181-b13)
# Java VM: Java HotSpot(TM) 64-Bit Server VM (25.181-b13 mixed mode windows-amd64 compressed oops)
Heap:
 PSYoungGen      total 104448K, used 80684K [0x0000000776200000, 0x000000077f280000, 0x00000007c0000000)
  eden space 101888K, 76% used [0x0000000776200000,0x000000077ae8c940,0x000000077c580000)
  from space 2560K, 89% used [0x000000077c800000,0x000000077ca3e7b0,0x000000077ca80000)
  to   space 23040K, 0% used [0x000000077dc00000,0x000000077dc00000,0x000000077f280000)
 ParOldGen       total 168448K, used 59542K [0x00000006e2600000, 0x00000006eca80000, 0x0000000776200000)
  object space 168448K, 35% used [0x00000006e2600000,0x00000006e6025b20,0x00000006eca80000)
 Metaspace       used 28008K, capacity 29104K, committed 29184K, reserved 1075200K
  class space    used 3597K, capacity 3825K, committed 3840K, reserved 1048576K
GC Heap History (10 events):
Event: 54.730 GC heap before
{Heap before GC invocations=16 (full 1):
 PSYoungGen      total 139264K, used 121549K [0x0000000776200000, 0x0000000780380000, 0x00000007c0000000)
  eden space 115200K, 99% used [0x0000000776200000,0x000000077d163e20,0x000000077d280000)
  from space 24064K, 31% used [0x000000077ec00000,0x000000077f34f7c0,0x0000000780380000)
  to   space 25088K, 0% used [0x000000077d280000,0x000000077d280000,0x000000077eb00000)
 ParOldGen       total 168448K, used 49781K [0x00000006e2600000, 0x00000006eca80000, 0x0000000776200000)
  object space 168448K, 29% used [0x00000006e2600000,0x00000006e569d5b0,0x00000006eca80000)
 Metaspace       used 27809K, capacity 28906K, committed 28928K, reserved 1075200K
  class space    used 3592K, capacity 3824K, committed 3840K, reserved 1048576K
Event: 54.735 GC heap after
Heap after GC invocations=16 (full 1):
 PSYoungGen      total 122368K, used 9853K [0x0000000776200000, 0x000000077ff80000, 0x00000007c0000000)
  eden space 112128K, 0% used [0x0000000776200000,0x0000000776200000,0x000000077cf80000)
  from space 10240K, 96% used [0x000000077d280000,0x000000077dc1f7e0,0x000000077dc80000)
  to   space 24576K, 0% used [0x000000077e780000,0x000000077e780000,0x000000077ff80000)
 ParOldGen       total 168448K, used 49781K [0x00000006e2600000, 0x00000006eca80000, 0x0000000776200000)
  object space 168448K, 29% used [0x00000006e2600000,0x00000006e569d5b0,0x00000006eca80000)
 Metaspace       used 27809K, capacity 28906K, committed 28928K, reserved 1075200K
  class space    used 3592K, capacity 3824K, committed 3840K, reserved 1048576K
}
Event: 59.252 GC heap before
{Heap before GC invocations=17 (full 1):
 PSYoungGen      total 122368K, used 121317K [0x0000000776200000, 0x000000077ff80000, 0x00000007c0000000)
  eden space 112128K, 99% used [0x0000000776200000,0x000000077ceda008,0x000000077cf80000)
  from space 10240K, 96% used [0x000000077d280000,0x000000077dc1f7e0,0x000000077dc80000)
  to   space 24576K, 0% used [0x000000077e780000,0x000000077e780000,0x000000077ff80000)
 ParOldGen       total 168448K, used 49781K [0x00000006e2600000, 0x00000006eca80000, 0x0000000776200000)
  object space 168448K, 29% used [0x00000006e2600000,0x00000006e569d5b0,0x00000006eca80000)
 Metaspace       used 27845K, capacity 28976K, committed 29184K, reserved 1075200K
  class space    used 3596K, capacity 3825K, committed 3840K, reserved 1048576K
Event: 59.256 GC heap after
Heap after GC invocations=17 (full 1):
 PSYoungGen      total 129536K, used 13134K [0x0000000776200000, 0x000000077fb00000, 0x00000007c0000000)
  eden space 109568K, 0% used [0x0000000776200000,0x0000000776200000,0x000000077cd00000)
  from space 19968K, 65% used [0x000000077e780000,0x000000077f453800,0x000000077fb00000)
  to   space 23552K, 0% used [0x000000077cd00000,0x000000077cd00000,0x000000077e400000)
 ParOldGen       total 168448K, used 49789K [0x00000006e2600000, 0x00000006eca80000, 0x0000000776200000)
  object space 168448K, 29% used [0x00000006e2600000,0x00000006e569f5b0,0x00000006eca80000)
 Metaspace       used 27845K, capacity 28976K, committed 29184K, reserved 1075200K
  class space    used 3596K, capacity 3825K, committed 3840K, reserved 1048576K
}
Event: 63.751 GC heap before
{Heap before GC invocations=18 (full 1):
 PSYoungGen      total 129536K, used 121741K [0x0000000776200000, 0x000000077fb00000, 0x00000007c0000000)
  eden space 109568K, 99% used [0x0000000776200000,0x000000077cc0ffd8,0x000000077cd00000)
  from space 19968K, 65% used [0x000000077e780000,0x000000077f453800,0x000000077fb00000)
  to   space 23552K, 0% used [0x000000077cd00000,0x000000077cd00000,0x000000077e400000)
 ParOldGen       total 168448K, used 49789K [0x00000006e2600000, 0x00000006eca80000, 0x0000000776200000)
  object space 168448K, 29% used [0x00000006e2600000,0x00000006e569f5b0,0x00000006eca80000)
 Metaspace       used 27892K, capacity 28976K, committed 29184K, reserved 1075200K
  class space    used 3596K, capacity 3825K, committed 3840K, reserved 1048576K
Event: 63.754 GC heap after
Heap after GC invocations=18 (full 1):
 PSYoungGen      total 117760K, used 10401K [0x0000000776200000, 0x000000077f780000, 0x00000007c0000000)
  eden space 107008K, 0% used [0x0000000776200000,0x0000000776200000,0x000000077ca80000)
  from space 10752K, 96% used [0x000000077cd00000,0x000000077d7287e0,0x000000077d780000)
  to   space 23040K, 0% used [0x000000077e100000,0x000000077e100000,0x000000077f780000)
 ParOldGen       total 168448K, used 49797K [0x00000006e2600000, 0x00000006eca80000, 0x0000000776200000)
  object space 168448K, 29% used [0x00000006e2600000,0x00000006e56a15b0,0x00000006eca80000)
 Metaspace       used 27892K, capacity 28976K, committed 29184K, reserved 1075200K
  class space    used 3596K, capacity 3825K, committed 3840K, reserved 1048576K
}
Event: 68.039 GC heap before
{Heap before GC invocations=19 (full 1):
 PSYoungGen      total 117760K, used 116518K [0x0000000776200000, 0x000000077f780000, 0x00000007c0000000)
  eden space 107008K, 99% used [0x0000000776200000,0x000000077c9a1028,0x000000077ca80000)
  from space 10752K, 96% used [0x000000077cd00000,0x000000077d7287e0,0x000000077d780000)
  to   space 23040K, 0% used [0x000000077e100000,0x000000077e100000,0x000000077f780000)
 ParOldGen       total 168448K, used 49797K [0x00000006e2600000, 0x00000006eca80000, 0x0000000776200000)
  object space 168448K, 29% used [0x00000006e2600000,0x00000006e56a15b0,0x00000006eca80000)
 Metaspace       used 27892K, capacity 28976K, committed 29184K, reserved 1075200K
  class space    used 3596K, capacity 3825K, committed 3840K, reserved 1048576K
Event: 68.043 GC heap after
Heap after GC invocations=19 (full 1):
 PSYoungGen      total 123904K, used 6893K [0x0000000776200000, 0x000000077f400000, 0x00000007c0000000)
  eden space 104448K, 0% used [0x0000000776200000,0x0000000776200000,0x000000077c800000)
  from space 19456K, 35% used [0x000000077e100000,0x000000077e7bb7d0,0x000000077f400000)
  to   space 22528K, 0% used [0x000000077c800000,0x000000077c800000,0x000000077de00000)
 ParOldGen       total 168448K, used 56120K [0x00000006e2600000, 0x00000006eca80000, 0x0000000776200000)
  object space 168448K, 33% used [0x00000006e2600000,0x00000006e5cce370,0x00000006eca80000)
 Metaspace       used 27892K, capacity 28976K, committed 29184K, reserved 1075200K
  class space    used 3596K, capacity 3825K, committed 3840K, reserved 1048576K
}
Event: 76.197 GC heap before
{Heap before GC invocations=20 (full 1):
 PSYoungGen      total 123904K, used 110263K [0x0000000776200000, 0x000000077f400000, 0x00000007c0000000)
  eden space 104448K, 98% used [0x0000000776200000,0x000000077c6f26c8,0x000000077c800000)
  from space 19456K, 35% used [0x000000077e100000,0x000000077e7bb7d0,0x000000077f400000)
  to   space 22528K, 0% used [0x000000077c800000,0x000000077c800000,0x000000077de00000)
 ParOldGen       total 168448K, used 56120K [0x00000006e2600000, 0x00000006eca80000, 0x0000000776200000)
  object space 168448K, 33% used [0x00000006e2600000,0x00000006e5cce370,0x00000006eca80000)
 Metaspace       used 28001K, capacity 29104K, committed 29184K, reserved 1075200K
  class space    used 3597K, capacity 3825K, committed 3840K, reserved 1048576K
Event: 76.201 GC heap after
Heap after GC invocations=20 (full 1):
 PSYoungGen      total 104448K, used 2297K [0x0000000776200000, 0x000000077f280000, 0x00000007c0000000)
  eden space 101888K, 0% used [0x0000000776200000,0x0000000776200000,0x000000077c580000)
  from space 2560K, 89% used [0x000000077c800000,0x000000077ca3e7b0,0x000000077ca80000)
  to   space 23040K, 0% used [0x000000077dc00000,0x000000077dc00000,0x000000077f280000)
 ParOldGen       total 168448K, used 59542K [0x00000006e2600000, 0x00000006eca80000, 0x0000000776200000)
  object space 168448K, 35% used [0x00000006e2600000,0x00000006e6025b20,0x00000006eca80000)
 Metaspace       used 28001K, capacity 29104K, committed 29184K, reserved 1075200K
  class space    used 3597K, capacity 3825K, committed 3840K, reserved 1048576K
}

