# JRE version: Java(TM) SE Runtime Environment (8.0_181-b13) (build 1.8.0_181-b13)
# Java VM: Java HotSpot(TM) 64-Bit Server VM (25.181-b13 mixed mode windows-amd64 compressed oops)
Heap:
 PSYoungGen      total 66560K, used 31435K [0x0000000776200000, 0x000000077bc80000, 0x00000007c0000000)
  eden space 57344K, 45% used [0x0000000776200000,0x0000000777b7fc30,0x0000000779a00000)
  from space 9216K, 57% used [0x0000000779a00000,0x0000000779f33160,0x000000077a300000)
  to   space 9216K, 0% used [0x000000077b380000,0x000000077b380000,0x000000077bc80000)
 ParOldGen       total 168960K, used 38379K [0x00000006e2600000, 0x00000006ecb00000, 0x0000000776200000)
  object space 168960K, 22% used [0x00000006e2600000,0x00000006e4b7ae80,0x00000006ecb00000)
 Metaspace       used 26670K, capacity 27716K, committed 27904K, reserved 1073152K
  class space    used 3553K, capacity 3789K, committed 3840K, reserved 1048576K
GC Heap History (8 events):
Event: 1.767 GC heap before
{Heap before GC invocations=1 (full 0):
 PSYoungGen      total 66560K, used 57344K [0x0000000776200000, 0x000000077ac00000, 0x00000007c0000000)
  eden space 57344K, 100% used [0x0000000776200000,0x0000000779a00000,0x0000000779a00000)
  from space 9216K, 0% used [0x000000077a300000,0x000000077a300000,0x000000077ac00000)
  to   space 9216K, 0% used [0x0000000779a00000,0x0000000779a00000,0x000000077a300000)
 ParOldGen       total 151552K, used 0K [0x00000006e2600000, 0x00000006eba00000, 0x0000000776200000)
  object space 151552K, 0% used [0x00000006e2600000,0x00000006e2600000,0x00000006eba00000)
 Metaspace       used 15958K, capacity 16382K, committed 16512K, reserved 1062912K
  class space    used 2005K, capacity 2150K, committed 2176K, reserved 1048576K
Event: 1.774 GC heap after
Heap after GC invocations=1 (full 0):
 PSYoungGen      total 66560K, used 6311K [0x0000000776200000, 0x000000077ac00000, 0x00000007c0000000)
  eden space 57344K, 0% used [0x0000000776200000,0x0000000776200000,0x0000000779a00000)
  from space 9216K, 68% used [0x0000000779a00000,0x000000077a029d00,0x000000077a300000)
  to   space 9216K, 0% used [0x000000077a300000,0x000000077a300000,0x000000077ac00000)
 ParOldGen       total 151552K, used 80K [0x00000006e2600000, 0x00000006eba00000, 0x0000000776200000)
  object space 151552K, 0% used [0x00000006e2600000,0x00000006e2614010,0x00000006eba00000)
 Metaspace       used 15958K, capacity 16382K, committed 16512K, reserved 1062912K
  class space    used 2005K, capacity 2150K, committed 2176K, reserved 1048576K
}
Event: 2.505 GC heap before
{Heap before GC invocations=2 (full 0):
 PSYoungGen      total 66560K, used 57718K [0x0000000776200000, 0x000000077ac00000, 0x00000007c0000000)
  eden space 57344K, 89% used [0x0000000776200000,0x0000000779433e18,0x0000000779a00000)
  from space 9216K, 68% used [0x0000000779a00000,0x000000077a029d00,0x000000077a300000)
  to   space 9216K, 0% used [0x000000077a300000,0x000000077a300000,0x000000077ac00000)
 ParOldGen       total 151552K, used 80K [0x00000006e2600000, 0x00000006eba00000, 0x0000000776200000)
  object space 151552K, 0% used [0x00000006e2600000,0x00000006e2614010,0x00000006eba00000)
 Metaspace       used 20350K, capacity 21194K, committed 21248K, reserved 1067008K
  class space    used 2815K, capacity 3030K, committed 3072K, reserved 1048576K
Event: 2.519 GC heap after
Heap after GC invocations=2 (full 0):
 PSYoungGen      total 66560K, used 9215K [0x0000000776200000, 0x000000077e400000, 0x00000007c0000000)
  eden space 57344K, 0% used [0x0000000776200000,0x0000000776200000,0x0000000779a00000)
  from space 9216K, 99% used [0x000000077a300000,0x000000077abffc58,0x000000077ac00000)
  to   space 9216K, 0% used [0x0000000779a00000,0x0000000779a00000,0x000000077a300000)
 ParOldGen       total 151552K, used 29312K [0x00000006e2600000, 0x00000006eba00000, 0x0000000776200000)
  object space 151552K, 19% used [0x00000006e2600000,0x00000006e42a0258,0x00000006eba00000)
 Metaspace       used 20350K, capacity 21194K, committed 21248K, reserved 1067008K
  class space    used 2815K, capacity 3030K, committed 3072K, reserved 1048576K
}
Event: 2.519 GC heap before
{Heap before GC invocations=3 (full 1):
 PSYoungGen      total 66560K, used 9215K [0x0000000776200000, 0x000000077e400000, 0x00000007c0000000)
  eden space 57344K, 0% used [0x0000000776200000,0x0000000776200000,0x0000000779a00000)
  from space 9216K, 99% used [0x000000077a300000,0x000000077abffc58,0x000000077ac00000)
  to   space 9216K, 0% used [0x0000000779a00000,0x0000000779a00000,0x000000077a300000)
 ParOldGen       total 151552K, used 29312K [0x00000006e2600000, 0x00000006eba00000, 0x0000000776200000)
  object space 151552K, 19% used [0x00000006e2600000,0x00000006e42a0258,0x00000006eba00000)
 Metaspace       used 20350K, capacity 21194K, committed 21248K, reserved 1067008K
  class space    used 2815K, capacity 3030K, committed 3072K, reserved 1048576K
Event: 2.565 GC heap after
Heap after GC invocations=3 (full 1):
 PSYoungGen      total 66560K, used 0K [0x0000000776200000, 0x000000077e400000, 0x00000007c0000000)
  eden space 57344K, 0% used [0x0000000776200000,0x0000000776200000,0x0000000779a00000)
  from space 9216K, 0% used [0x000000077a300000,0x000000077a300000,0x000000077ac00000)
  to   space 9216K, 0% used [0x0000000779a00000,0x0000000779a00000,0x000000077a300000)
 ParOldGen       total 168960K, used 38371K [0x00000006e2600000, 0x00000006ecb00000, 0x0000000776200000)
  object space 168960K, 22% used [0x00000006e2600000,0x00000006e4b78e80,0x00000006ecb00000)
 Metaspace       used 20350K, capacity 21194K, committed 21248K, reserved 1067008K
  class space    used 2815K, capacity 3030K, committed 3072K, reserved 1048576K
}
Event: 9.826 GC heap before
{Heap before GC invocations=4 (full 1):
 PSYoungGen      total 66560K, used 57344K [0x0000000776200000, 0x000000077e400000, 0x00000007c0000000)
  eden space 57344K, 100% used [0x0000000776200000,0x0000000779a00000,0x0000000779a00000)
  from space 9216K, 0% used [0x000000077a300000,0x000000077a300000,0x000000077ac00000)
  to   space 9216K, 0% used [0x0000000779a00000,0x0000000779a00000,0x000000077a300000)
 ParOldGen       total 168960K, used 38371K [0x00000006e2600000, 0x00000006ecb00000, 0x0000000776200000)
  object space 168960K, 22% used [0x00000006e2600000,0x00000006e4b78e80,0x00000006ecb00000)
 Metaspace       used 23619K, capacity 24672K, committed 24832K, reserved 1071104K
  class space    used 3307K, capacity 3549K, committed 3584K, reserved 1048576K
Event: 9.829 GC heap after
Heap after GC invocations=4 (full 1):
 PSYoungGen      total 66560K, used 5324K [0x0000000776200000, 0x000000077bc80000, 0x00000007c0000000)
  eden space 57344K, 0% used [0x0000000776200000,0x0000000776200000,0x0000000779a00000)
  from space 9216K, 57% used [0x0000000779a00000,0x0000000779f33160,0x000000077a300000)
  to   space 9216K, 0% used [0x000000077b380000,0x000000077b380000,0x000000077bc80000)
 ParOldGen       total 168960K, used 38379K [0x00000006e2600000, 0x00000006ecb00000, 0x0000000776200000)
  object space 168960K, 22% used [0x00000006e2600000,0x00000006e4b7ae80,0x00000006ecb00000)
 Metaspace       used 23619K, capacity 24672K, committed 24832K, reserved 1071104K
  class space    used 3307K, capacity 3549K, committed 3584K, reserved 1048576K
}

