# JRE version: Java(TM) SE Runtime Environment (8.0_202-b08) (build 1.8.0_202-b08)
# Java VM: Java HotSpot(TM) 64-Bit Server VM (25.202-b08 mixed mode windows-amd64 compressed oops)
Heap:
 PSYoungGen      total 71680K, used 23430K [0x00000000d5d80000, 0x00000000dfb00000, 0x0000000100000000)
  eden space 66560K, 27% used [0x00000000d5d80000,0x00000000d6f69068,0x00000000d9e80000)
  from space 5120K, 99% used [0x00000000d9e80000,0x00000000da378800,0x00000000da380000)
  to   space 27648K, 0% used [0x00000000de000000,0x00000000de000000,0x00000000dfb00000)
 ParOldGen       total 106496K, used 38447K [0x0000000081800000, 0x0000000088000000, 0x00000000d5d80000)
  object space 106496K, 36% used [0x0000000081800000,0x0000000083d8bc80,0x0000000088000000)
 Metaspace       used 26432K, capacity 27522K, committed 27648K, reserved 1073152K
  class space    used 3551K, capacity 3788K, committed 3840K, reserved 1048576K
GC Heap History (10 events):
Event: 4.802 GC heap before
{Heap before GC invocations=2 (full 0):
 PSYoungGen      total 38400K, used 37180K [0x00000000d5d80000, 0x00000000d8800000, 0x0000000100000000)
  eden space 33280K, 100% used [0x00000000d5d80000,0x00000000d7e00000,0x00000000d7e00000)
  from space 5120K, 76% used [0x00000000d7e00000,0x00000000d81cf1a8,0x00000000d8300000)
  to   space 5120K, 0% used [0x00000000d8300000,0x00000000d8300000,0x00000000d8800000)
 ParOldGen       total 87552K, used 16K [0x0000000081800000, 0x0000000086d80000, 0x00000000d5d80000)
  object space 87552K, 0% used [0x0000000081800000,0x0000000081804000,0x0000000086d80000)
 Metaspace       used 17619K, capacity 18132K, committed 18432K, reserved 1064960K
  class space    used 2308K, capacity 2451K, committed 2560K, reserved 1048576K
Event: 4.829 GC heap after
Heap after GC invocations=2 (full 0):
 PSYoungGen      total 38400K, used 5117K [0x00000000d5d80000, 0x00000000d8800000, 0x0000000100000000)
  eden space 33280K, 0% used [0x00000000d5d80000,0x00000000d5d80000,0x00000000d7e00000)
  from space 5120K, 99% used [0x00000000d8300000,0x00000000d87ff7c0,0x00000000d8800000)
  to   space 5120K, 0% used [0x00000000d7e00000,0x00000000d7e00000,0x00000000d8300000)
 ParOldGen       total 87552K, used 304K [0x0000000081800000, 0x0000000086d80000, 0x00000000d5d80000)
  object space 87552K, 0% used [0x0000000081800000,0x000000008184c000,0x0000000086d80000)
 Metaspace       used 17619K, capacity 18132K, committed 18432K, reserved 1064960K
  class space    used 2308K, capacity 2451K, committed 2560K, reserved 1048576K
}
Event: 5.471 GC heap before
{Heap before GC invocations=3 (full 0):
 PSYoungGen      total 38400K, used 36852K [0x00000000d5d80000, 0x00000000d8800000, 0x0000000100000000)
  eden space 33280K, 95% used [0x00000000d5d80000,0x00000000d7c7db48,0x00000000d7e00000)
  from space 5120K, 99% used [0x00000000d8300000,0x00000000d87ff7c0,0x00000000d8800000)
  to   space 5120K, 0% used [0x00000000d7e00000,0x00000000d7e00000,0x00000000d8300000)
 ParOldGen       total 87552K, used 304K [0x0000000081800000, 0x0000000086d80000, 0x00000000d5d80000)
  object space 87552K, 0% used [0x0000000081800000,0x000000008184c000,0x0000000086d80000)
 Metaspace       used 19238K, capacity 19822K, committed 19968K, reserved 1067008K
  class space    used 2585K, capacity 2774K, committed 2816K, reserved 1048576K
Event: 5.498 GC heap after
Heap after GC invocations=3 (full 0):
 PSYoungGen      total 38400K, used 5088K [0x00000000d5d80000, 0x00000000da880000, 0x0000000100000000)
  eden space 33280K, 0% used [0x00000000d5d80000,0x00000000d5d80000,0x00000000d7e00000)
  from space 5120K, 99% used [0x00000000d7e00000,0x00000000d82f8360,0x00000000d8300000)
  to   space 5120K, 0% used [0x00000000da380000,0x00000000da380000,0x00000000da880000)
 ParOldGen       total 87552K, used 27128K [0x0000000081800000, 0x0000000086d80000, 0x00000000d5d80000)
  object space 87552K, 30% used [0x0000000081800000,0x000000008327e230,0x0000000086d80000)
 Metaspace       used 19238K, capacity 19822K, committed 19968K, reserved 1067008K
  class space    used 2585K, capacity 2774K, committed 2816K, reserved 1048576K
}
Event: 5.744 GC heap before
{Heap before GC invocations=4 (full 0):
 PSYoungGen      total 38400K, used 15069K [0x00000000d5d80000, 0x00000000da880000, 0x0000000100000000)
  eden space 33280K, 29% used [0x00000000d5d80000,0x00000000d673f188,0x00000000d7e00000)
  from space 5120K, 99% used [0x00000000d7e00000,0x00000000d82f8360,0x00000000d8300000)
  to   space 5120K, 0% used [0x00000000da380000,0x00000000da380000,0x00000000da880000)
 ParOldGen       total 87552K, used 27128K [0x0000000081800000, 0x0000000086d80000, 0x00000000d5d80000)
  object space 87552K, 30% used [0x0000000081800000,0x000000008327e230,0x0000000086d80000)
 Metaspace       used 20335K, capacity 21132K, committed 21248K, reserved 1067008K
  class space    used 2802K, capacity 2993K, committed 3072K, reserved 1048576K
Event: 5.754 GC heap after
Heap after GC invocations=4 (full 0):
 PSYoungGen      total 71680K, used 5108K [0x00000000d5d80000, 0x00000000da880000, 0x0000000100000000)
  eden space 66560K, 0% used [0x00000000d5d80000,0x00000000d5d80000,0x00000000d9e80000)
  from space 5120K, 99% used [0x00000000da380000,0x00000000da87d128,0x00000000da880000)
  to   space 5120K, 0% used [0x00000000d9e80000,0x00000000d9e80000,0x00000000da380000)
 ParOldGen       total 87552K, used 33375K [0x0000000081800000, 0x0000000086d80000, 0x00000000d5d80000)
  object space 87552K, 38% used [0x0000000081800000,0x0000000083897ef8,0x0000000086d80000)
 Metaspace       used 20335K, capacity 21132K, committed 21248K, reserved 1067008K
  class space    used 2802K, capacity 2993K, committed 3072K, reserved 1048576K
}
Event: 5.754 GC heap before
{Heap before GC invocations=5 (full 1):
 PSYoungGen      total 71680K, used 5108K [0x00000000d5d80000, 0x00000000da880000, 0x0000000100000000)
  eden space 66560K, 0% used [0x00000000d5d80000,0x00000000d5d80000,0x00000000d9e80000)
  from space 5120K, 99% used [0x00000000da380000,0x00000000da87d128,0x00000000da880000)
  to   space 5120K, 0% used [0x00000000d9e80000,0x00000000d9e80000,0x00000000da380000)
 ParOldGen       total 87552K, used 33375K [0x0000000081800000, 0x0000000086d80000, 0x00000000d5d80000)
  object space 87552K, 38% used [0x0000000081800000,0x0000000083897ef8,0x0000000086d80000)
 Metaspace       used 20335K, capacity 21132K, committed 21248K, reserved 1067008K
  class space    used 2802K, capacity 2993K, committed 3072K, reserved 1048576K
Event: 5.824 GC heap after
Heap after GC invocations=5 (full 1):
 PSYoungGen      total 71680K, used 0K [0x00000000d5d80000, 0x00000000da880000, 0x0000000100000000)
  eden space 66560K, 0% used [0x00000000d5d80000,0x00000000d5d80000,0x00000000d9e80000)
  from space 5120K, 0% used [0x00000000da380000,0x00000000da380000,0x00000000da880000)
  to   space 5120K, 0% used [0x00000000d9e80000,0x00000000d9e80000,0x00000000da380000)
 ParOldGen       total 106496K, used 38263K [0x0000000081800000, 0x0000000088000000, 0x00000000d5d80000)
  object space 106496K, 35% used [0x0000000081800000,0x0000000083d5dfb8,0x0000000088000000)
 Metaspace       used 20335K, capacity 21132K, committed 21248K, reserved 1067008K
  class space    used 2802K, capacity 2993K, committed 3072K, reserved 1048576K
}
Event: 9.579 GC heap before
{Heap before GC invocations=6 (full 1):
 PSYoungGen      total 71680K, used 66560K [0x00000000d5d80000, 0x00000000da880000, 0x0000000100000000)
  eden space 66560K, 100% used [0x00000000d5d80000,0x00000000d9e80000,0x00000000d9e80000)
  from space 5120K, 0% used [0x00000000da380000,0x00000000da380000,0x00000000da880000)
  to   space 5120K, 0% used [0x00000000d9e80000,0x00000000d9e80000,0x00000000da380000)
 ParOldGen       total 106496K, used 38263K [0x0000000081800000, 0x0000000088000000, 0x00000000d5d80000)
  object space 106496K, 35% used [0x0000000081800000,0x0000000083d5dfb8,0x0000000088000000)
 Metaspace       used 23668K, capacity 24676K, committed 24832K, reserved 1071104K
  class space    used 3306K, capacity 3549K, committed 3584K, reserved 1048576K
Event: 9.584 GC heap after
Heap after GC invocations=6 (full 1):
 PSYoungGen      total 71680K, used 5090K [0x00000000d5d80000, 0x00000000dfb00000, 0x0000000100000000)
  eden space 66560K, 0% used [0x00000000d5d80000,0x00000000d5d80000,0x00000000d9e80000)
  from space 5120K, 99% used [0x00000000d9e80000,0x00000000da378800,0x00000000da380000)
  to   space 27648K, 0% used [0x00000000de000000,0x00000000de000000,0x00000000dfb00000)
 ParOldGen       total 106496K, used 38447K [0x0000000081800000, 0x0000000088000000, 0x00000000d5d80000)
  object space 106496K, 36% used [0x0000000081800000,0x0000000083d8bc80,0x0000000088000000)
 Metaspace       used 23668K, capacity 24676K, committed 24832K, reserved 1071104K
  class space    used 3306K, capacity 3549K, committed 3584K, reserved 1048576K
}

