# JRE version: Java(TM) SE Runtime Environment (8.0_202-b08) (build 1.8.0_202-b08)
# Java VM: Java HotSpot(TM) 64-Bit Server VM (25.202-b08 mixed mode windows-amd64 compressed oops)
Heap:
 PSYoungGen      total 71680K, used 24528K [0x00000000d5d80000, 0x00000000df400000, 0x0000000100000000)
  eden space 66560K, 29% used [0x00000000d5d80000,0x00000000d7077038,0x00000000d9e80000)
  from space 5120K, 99% used [0x00000000d9e80000,0x00000000da37d280,0x00000000da380000)
  to   space 27136K, 0% used [0x00000000dd980000,0x00000000dd980000,0x00000000df400000)
 ParOldGen       total 109568K, used 40583K [0x0000000081800000, 0x0000000088300000, 0x00000000d5d80000)
  object space 109568K, 37% used [0x0000000081800000,0x0000000083fa1cc8,0x0000000088300000)
 Metaspace       used 26430K, capacity 27504K, committed 27648K, reserved 1073152K
  class space    used 3551K, capacity 3789K, committed 3840K, reserved 1048576K
GC Heap History (10 events):
Event: 1.818 GC heap before
{Heap before GC invocations=2 (full 0):
 PSYoungGen      total 38400K, used 37208K [0x00000000d5d80000, 0x00000000d8800000, 0x0000000100000000)
  eden space 33280K, 100% used [0x00000000d5d80000,0x00000000d7e00000,0x00000000d7e00000)
  from space 5120K, 76% used [0x00000000d7e00000,0x00000000d81d6158,0x00000000d8300000)
  to   space 5120K, 0% used [0x00000000d8300000,0x00000000d8300000,0x00000000d8800000)
 ParOldGen       total 87552K, used 16K [0x0000000081800000, 0x0000000086d80000, 0x00000000d5d80000)
  object space 87552K, 0% used [0x0000000081800000,0x0000000081804000,0x0000000086d80000)
 Metaspace       used 17821K, capacity 18368K, committed 18688K, reserved 1064960K
  class space    used 2345K, capacity 2491K, committed 2560K, reserved 1048576K
Event: 1.826 GC heap after
Heap after GC invocations=2 (full 0):
 PSYoungGen      total 38400K, used 5101K [0x00000000d5d80000, 0x00000000d8800000, 0x0000000100000000)
  eden space 33280K, 0% used [0x00000000d5d80000,0x00000000d5d80000,0x00000000d7e00000)
  from space 5120K, 99% used [0x00000000d8300000,0x00000000d87fb7d0,0x00000000d8800000)
  to   space 5120K, 0% used [0x00000000d7e00000,0x00000000d7e00000,0x00000000d8300000)
 ParOldGen       total 87552K, used 384K [0x0000000081800000, 0x0000000086d80000, 0x00000000d5d80000)
  object space 87552K, 0% used [0x0000000081800000,0x0000000081860000,0x0000000086d80000)
 Metaspace       used 17821K, capacity 18368K, committed 18688K, reserved 1064960K
  class space    used 2345K, capacity 2491K, committed 2560K, reserved 1048576K
}
Event: 2.185 GC heap before
{Heap before GC invocations=3 (full 0):
 PSYoungGen      total 38400K, used 37206K [0x00000000d5d80000, 0x00000000d8800000, 0x0000000100000000)
  eden space 33280K, 96% used [0x00000000d5d80000,0x00000000d7cda1f0,0x00000000d7e00000)
  from space 5120K, 99% used [0x00000000d8300000,0x00000000d87fb7d0,0x00000000d8800000)
  to   space 5120K, 0% used [0x00000000d7e00000,0x00000000d7e00000,0x00000000d8300000)
 ParOldGen       total 87552K, used 384K [0x0000000081800000, 0x0000000086d80000, 0x00000000d5d80000)
  object space 87552K, 0% used [0x0000000081800000,0x0000000081860000,0x0000000086d80000)
 Metaspace       used 19161K, capacity 19806K, committed 19968K, reserved 1067008K
  class space    used 2585K, capacity 2774K, committed 2816K, reserved 1048576K
Event: 2.206 GC heap after
Heap after GC invocations=3 (full 0):
 PSYoungGen      total 38400K, used 5113K [0x00000000d5d80000, 0x00000000da880000, 0x0000000100000000)
  eden space 33280K, 0% used [0x00000000d5d80000,0x00000000d5d80000,0x00000000d7e00000)
  from space 5120K, 99% used [0x00000000d7e00000,0x00000000d82fe6f8,0x00000000d8300000)
  to   space 5120K, 0% used [0x00000000da380000,0x00000000da380000,0x00000000da880000)
 ParOldGen       total 87552K, used 27078K [0x0000000081800000, 0x0000000086d80000, 0x00000000d5d80000)
  object space 87552K, 30% used [0x0000000081800000,0x0000000083271b28,0x0000000086d80000)
 Metaspace       used 19161K, capacity 19806K, committed 19968K, reserved 1067008K
  class space    used 2585K, capacity 2774K, committed 2816K, reserved 1048576K
}
Event: 2.368 GC heap before
{Heap before GC invocations=4 (full 0):
 PSYoungGen      total 38400K, used 15704K [0x00000000d5d80000, 0x00000000da880000, 0x0000000100000000)
  eden space 33280K, 31% used [0x00000000d5d80000,0x00000000d67d7978,0x00000000d7e00000)
  from space 5120K, 99% used [0x00000000d7e00000,0x00000000d82fe6f8,0x00000000d8300000)
  to   space 5120K, 0% used [0x00000000da380000,0x00000000da380000,0x00000000da880000)
 ParOldGen       total 87552K, used 27078K [0x0000000081800000, 0x0000000086d80000, 0x00000000d5d80000)
  object space 87552K, 30% used [0x0000000081800000,0x0000000083271b28,0x0000000086d80000)
 Metaspace       used 20370K, capacity 21178K, committed 21248K, reserved 1067008K
  class space    used 2814K, capacity 3030K, committed 3072K, reserved 1048576K
Event: 2.377 GC heap after
Heap after GC invocations=4 (full 0):
 PSYoungGen      total 71680K, used 5113K [0x00000000d5d80000, 0x00000000da880000, 0x0000000100000000)
  eden space 66560K, 0% used [0x00000000d5d80000,0x00000000d5d80000,0x00000000d9e80000)
  from space 5120K, 99% used [0x00000000da380000,0x00000000da87e6d8,0x00000000da880000)
  to   space 5120K, 0% used [0x00000000d9e80000,0x00000000d9e80000,0x00000000da380000)
 ParOldGen       total 87552K, used 33409K [0x0000000081800000, 0x0000000086d80000, 0x00000000d5d80000)
  object space 87552K, 38% used [0x0000000081800000,0x00000000838a0430,0x0000000086d80000)
 Metaspace       used 20370K, capacity 21178K, committed 21248K, reserved 1067008K
  class space    used 2814K, capacity 3030K, committed 3072K, reserved 1048576K
}
Event: 2.377 GC heap before
{Heap before GC invocations=5 (full 1):
 PSYoungGen      total 71680K, used 5113K [0x00000000d5d80000, 0x00000000da880000, 0x0000000100000000)
  eden space 66560K, 0% used [0x00000000d5d80000,0x00000000d5d80000,0x00000000d9e80000)
  from space 5120K, 99% used [0x00000000da380000,0x00000000da87e6d8,0x00000000da880000)
  to   space 5120K, 0% used [0x00000000d9e80000,0x00000000d9e80000,0x00000000da380000)
 ParOldGen       total 87552K, used 33409K [0x0000000081800000, 0x0000000086d80000, 0x00000000d5d80000)
  object space 87552K, 38% used [0x0000000081800000,0x00000000838a0430,0x0000000086d80000)
 Metaspace       used 20370K, capacity 21178K, committed 21248K, reserved 1067008K
  class space    used 2814K, capacity 3030K, committed 3072K, reserved 1048576K
Event: 2.430 GC heap after
Heap after GC invocations=5 (full 1):
 PSYoungGen      total 71680K, used 0K [0x00000000d5d80000, 0x00000000da880000, 0x0000000100000000)
  eden space 66560K, 0% used [0x00000000d5d80000,0x00000000d5d80000,0x00000000d9e80000)
  from space 5120K, 0% used [0x00000000da380000,0x00000000da380000,0x00000000da880000)
  to   space 5120K, 0% used [0x00000000d9e80000,0x00000000d9e80000,0x00000000da380000)
 ParOldGen       total 109568K, used 38351K [0x0000000081800000, 0x0000000088300000, 0x00000000d5d80000)
  object space 109568K, 35% used [0x0000000081800000,0x0000000083d73ff0,0x0000000088300000)
 Metaspace       used 20370K, capacity 21178K, committed 21248K, reserved 1067008K
  class space    used 2814K, capacity 3030K, committed 3072K, reserved 1048576K
}
Event: 5.555 GC heap before
{Heap before GC invocations=6 (full 1):
 PSYoungGen      total 71680K, used 66560K [0x00000000d5d80000, 0x00000000da880000, 0x0000000100000000)
  eden space 66560K, 100% used [0x00000000d5d80000,0x00000000d9e80000,0x00000000d9e80000)
  from space 5120K, 0% used [0x00000000da380000,0x00000000da380000,0x00000000da880000)
  to   space 5120K, 0% used [0x00000000d9e80000,0x00000000d9e80000,0x00000000da380000)
 ParOldGen       total 109568K, used 38351K [0x0000000081800000, 0x0000000088300000, 0x00000000d5d80000)
  object space 109568K, 35% used [0x0000000081800000,0x0000000083d73ff0,0x0000000088300000)
 Metaspace       used 23638K, capacity 24720K, committed 24832K, reserved 1071104K
  class space    used 3305K, capacity 3549K, committed 3584K, reserved 1048576K
Event: 5.561 GC heap after
Heap after GC invocations=6 (full 1):
 PSYoungGen      total 71680K, used 5108K [0x00000000d5d80000, 0x00000000df400000, 0x0000000100000000)
  eden space 66560K, 0% used [0x00000000d5d80000,0x00000000d5d80000,0x00000000d9e80000)
  from space 5120K, 99% used [0x00000000d9e80000,0x00000000da37d280,0x00000000da380000)
  to   space 27136K, 0% used [0x00000000dd980000,0x00000000dd980000,0x00000000df400000)
 ParOldGen       total 109568K, used 40583K [0x0000000081800000, 0x0000000088300000, 0x00000000d5d80000)
  object space 109568K, 37% used [0x0000000081800000,0x0000000083fa1cc8,0x0000000088300000)
 Metaspace       used 23638K, capacity 24720K, committed 24832K, reserved 1071104K
  class space    used 3305K, capacity 3549K, committed 3584K, reserved 1048576K
}

