# JRE version: Java(TM) SE Runtime Environment (8.0_202-b08) (build 1.8.0_202-b08)
# Java VM: Java HotSpot(TM) 64-Bit Server VM (25.202-b08 mixed mode windows-amd64 compressed oops)
Heap:
 PSYoungGen      total 71680K, used 24727K [0x00000000d5d80000, 0x00000000df580000, 0x0000000100000000)
  eden space 66560K, 29% used [0x00000000d5d80000,0x00000000d70ad760,0x00000000d9e80000)
  from space 5120K, 99% used [0x00000000d9e80000,0x00000000da378800,0x00000000da380000)
  to   space 28672K, 0% used [0x00000000dd980000,0x00000000dd980000,0x00000000df580000)
 ParOldGen       total 110080K, used 38501K [0x0000000081800000, 0x0000000088380000, 0x00000000d5d80000)
  object space 110080K, 34% used [0x0000000081800000,0x0000000083d99648,0x0000000088380000)
 Metaspace       used 26411K, capacity 27510K, committed 27648K, reserved 1073152K
  class space    used 3550K, capacity 3788K, committed 3840K, reserved 1048576K
GC Heap History (10 events):
Event: 1.607 GC heap before
{Heap before GC invocations=2 (full 0):
 PSYoungGen      total 38400K, used 37176K [0x00000000d5d80000, 0x00000000d8800000, 0x0000000100000000)
  eden space 33280K, 100% used [0x00000000d5d80000,0x00000000d7e00000,0x00000000d7e00000)
  from space 5120K, 76% used [0x00000000d7e00000,0x00000000d81ce158,0x00000000d8300000)
  to   space 5120K, 0% used [0x00000000d8300000,0x00000000d8300000,0x00000000d8800000)
 ParOldGen       total 87552K, used 16K [0x0000000081800000, 0x0000000086d80000, 0x00000000d5d80000)
  object space 87552K, 0% used [0x0000000081800000,0x0000000081804000,0x0000000086d80000)
 Metaspace       used 17833K, capacity 18372K, committed 18688K, reserved 1064960K
  class space    used 2345K, capacity 2491K, committed 2560K, reserved 1048576K
Event: 1.618 GC heap after
Heap after GC invocations=2 (full 0):
 PSYoungGen      total 38400K, used 5101K [0x00000000d5d80000, 0x00000000da880000, 0x0000000100000000)
  eden space 33280K, 0% used [0x00000000d5d80000,0x00000000d5d80000,0x00000000d7e00000)
  from space 5120K, 99% used [0x00000000d8300000,0x00000000d87fb7d0,0x00000000d8800000)
  to   space 5120K, 0% used [0x00000000d7e00000,0x00000000d7e00000,0x00000000d8300000)
 ParOldGen       total 87552K, used 384K [0x0000000081800000, 0x0000000086d80000, 0x00000000d5d80000)
  object space 87552K, 0% used [0x0000000081800000,0x0000000081860000,0x0000000086d80000)
 Metaspace       used 17833K, capacity 18372K, committed 18688K, reserved 1064960K
  class space    used 2345K, capacity 2491K, committed 2560K, reserved 1048576K
}
Event: 1.945 GC heap before
{Heap before GC invocations=3 (full 0):
 PSYoungGen      total 38400K, used 36311K [0x00000000d5d80000, 0x00000000da880000, 0x0000000100000000)
  eden space 33280K, 93% used [0x00000000d5d80000,0x00000000d7bfa440,0x00000000d7e00000)
  from space 5120K, 99% used [0x00000000d8300000,0x00000000d87fb7d0,0x00000000d8800000)
  to   space 5120K, 0% used [0x00000000d7e00000,0x00000000d7e00000,0x00000000d8300000)
 ParOldGen       total 87552K, used 384K [0x0000000081800000, 0x0000000086d80000, 0x00000000d5d80000)
  object space 87552K, 0% used [0x0000000081800000,0x0000000081860000,0x0000000086d80000)
 Metaspace       used 19182K, capacity 19806K, committed 19968K, reserved 1067008K
  class space    used 2584K, capacity 2774K, committed 2816K, reserved 1048576K
Event: 1.964 GC heap after
Heap after GC invocations=3 (full 0):
 PSYoungGen      total 38400K, used 5095K [0x00000000d5d80000, 0x00000000da880000, 0x0000000100000000)
  eden space 33280K, 0% used [0x00000000d5d80000,0x00000000d5d80000,0x00000000d7e00000)
  from space 5120K, 99% used [0x00000000d7e00000,0x00000000d82f9f18,0x00000000d8300000)
  to   space 5120K, 0% used [0x00000000da380000,0x00000000da380000,0x00000000da880000)
 ParOldGen       total 87552K, used 27104K [0x0000000081800000, 0x0000000086d80000, 0x00000000d5d80000)
  object space 87552K, 30% used [0x0000000081800000,0x0000000083278348,0x0000000086d80000)
 Metaspace       used 19182K, capacity 19806K, committed 19968K, reserved 1067008K
  class space    used 2584K, capacity 2774K, committed 2816K, reserved 1048576K
}
Event: 2.126 GC heap before
{Heap before GC invocations=4 (full 0):
 PSYoungGen      total 38400K, used 15761K [0x00000000d5d80000, 0x00000000da880000, 0x0000000100000000)
  eden space 33280K, 32% used [0x00000000d5d80000,0x00000000d67ea5c0,0x00000000d7e00000)
  from space 5120K, 99% used [0x00000000d7e00000,0x00000000d82f9f18,0x00000000d8300000)
  to   space 5120K, 0% used [0x00000000da380000,0x00000000da380000,0x00000000da880000)
 ParOldGen       total 87552K, used 27104K [0x0000000081800000, 0x0000000086d80000, 0x00000000d5d80000)
  object space 87552K, 30% used [0x0000000081800000,0x0000000083278348,0x0000000086d80000)
 Metaspace       used 20317K, capacity 21164K, committed 21248K, reserved 1067008K
  class space    used 2808K, capacity 3027K, committed 3072K, reserved 1048576K
Event: 2.134 GC heap after
Heap after GC invocations=4 (full 0):
 PSYoungGen      total 71680K, used 5070K [0x00000000d5d80000, 0x00000000da880000, 0x0000000100000000)
  eden space 66560K, 0% used [0x00000000d5d80000,0x00000000d5d80000,0x00000000d9e80000)
  from space 5120K, 99% used [0x00000000da380000,0x00000000da873ba0,0x00000000da880000)
  to   space 5120K, 0% used [0x00000000d9e80000,0x00000000d9e80000,0x00000000da380000)
 ParOldGen       total 87552K, used 33456K [0x0000000081800000, 0x0000000086d80000, 0x00000000d5d80000)
  object space 87552K, 38% used [0x0000000081800000,0x00000000838ac348,0x0000000086d80000)
 Metaspace       used 20317K, capacity 21164K, committed 21248K, reserved 1067008K
  class space    used 2808K, capacity 3027K, committed 3072K, reserved 1048576K
}
Event: 2.134 GC heap before
{Heap before GC invocations=5 (full 1):
 PSYoungGen      total 71680K, used 5070K [0x00000000d5d80000, 0x00000000da880000, 0x0000000100000000)
  eden space 66560K, 0% used [0x00000000d5d80000,0x00000000d5d80000,0x00000000d9e80000)
  from space 5120K, 99% used [0x00000000da380000,0x00000000da873ba0,0x00000000da880000)
  to   space 5120K, 0% used [0x00000000d9e80000,0x00000000d9e80000,0x00000000da380000)
 ParOldGen       total 87552K, used 33456K [0x0000000081800000, 0x0000000086d80000, 0x00000000d5d80000)
  object space 87552K, 38% used [0x0000000081800000,0x00000000838ac348,0x0000000086d80000)
 Metaspace       used 20317K, capacity 21164K, committed 21248K, reserved 1067008K
  class space    used 2808K, capacity 3027K, committed 3072K, reserved 1048576K
Event: 2.188 GC heap after
Heap after GC invocations=5 (full 1):
 PSYoungGen      total 71680K, used 0K [0x00000000d5d80000, 0x00000000da880000, 0x0000000100000000)
  eden space 66560K, 0% used [0x00000000d5d80000,0x00000000d5d80000,0x00000000d9e80000)
  from space 5120K, 0% used [0x00000000da380000,0x00000000da380000,0x00000000da880000)
  to   space 5120K, 0% used [0x00000000d9e80000,0x00000000d9e80000,0x00000000da380000)
 ParOldGen       total 110080K, used 38283K [0x0000000081800000, 0x0000000088380000, 0x00000000d5d80000)
  object space 110080K, 34% used [0x0000000081800000,0x0000000083d62f48,0x0000000088380000)
 Metaspace       used 20317K, capacity 21164K, committed 21248K, reserved 1067008K
  class space    used 2808K, capacity 3027K, committed 3072K, reserved 1048576K
}
Event: 7.235 GC heap before
{Heap before GC invocations=6 (full 1):
 PSYoungGen      total 71680K, used 66560K [0x00000000d5d80000, 0x00000000da880000, 0x0000000100000000)
  eden space 66560K, 100% used [0x00000000d5d80000,0x00000000d9e80000,0x00000000d9e80000)
  from space 5120K, 0% used [0x00000000da380000,0x00000000da380000,0x00000000da880000)
  to   space 5120K, 0% used [0x00000000d9e80000,0x00000000d9e80000,0x00000000da380000)
 ParOldGen       total 110080K, used 38283K [0x0000000081800000, 0x0000000088380000, 0x00000000d5d80000)
  object space 110080K, 34% used [0x0000000081800000,0x0000000083d62f48,0x0000000088380000)
 Metaspace       used 23674K, capacity 24728K, committed 24832K, reserved 1071104K
  class space    used 3305K, capacity 3549K, committed 3584K, reserved 1048576K
Event: 7.240 GC heap after
Heap after GC invocations=6 (full 1):
 PSYoungGen      total 71680K, used 5090K [0x00000000d5d80000, 0x00000000df580000, 0x0000000100000000)
  eden space 66560K, 0% used [0x00000000d5d80000,0x00000000d5d80000,0x00000000d9e80000)
  from space 5120K, 99% used [0x00000000d9e80000,0x00000000da378800,0x00000000da380000)
  to   space 28672K, 0% used [0x00000000dd980000,0x00000000dd980000,0x00000000df580000)
 ParOldGen       total 110080K, used 38501K [0x0000000081800000, 0x0000000088380000, 0x00000000d5d80000)
  object space 110080K, 34% used [0x0000000081800000,0x0000000083d99648,0x0000000088380000)
 Metaspace       used 23674K, capacity 24728K, committed 24832K, reserved 1071104K
  class space    used 3305K, capacity 3549K, committed 3584K, reserved 1048576K
}

