# JRE version: Java(TM) SE Runtime Environment (8.0_202-b08) (build 1.8.0_202-b08)
# Java VM: Java HotSpot(TM) 64-Bit Server VM (25.202-b08 mixed mode windows-amd64 compressed oops)
Heap:
 PSYoungGen      total 71680K, used 26037K [0x00000000d5d80000, 0x00000000df600000, 0x0000000100000000)
  eden space 66560K, 31% used [0x00000000d5d80000,0x00000000d71f3778,0x00000000d9e80000)
  from space 5120K, 99% used [0x00000000d9e80000,0x00000000da379d00,0x00000000da380000)
  to   space 27648K, 0% used [0x00000000ddb00000,0x00000000ddb00000,0x00000000df600000)
 ParOldGen       total 109056K, used 38583K [0x0000000081800000, 0x0000000088280000, 0x00000000d5d80000)
  object space 109056K, 35% used [0x0000000081800000,0x0000000083dadd28,0x0000000088280000)
 Metaspace       used 26683K, capacity 27784K, committed 27904K, reserved 1073152K
  class space    used 3558K, capacity 3795K, committed 3840K, reserved 1048576K
GC Heap History (10 events):
Event: 2.177 GC heap before
{Heap before GC invocations=2 (full 0):
 PSYoungGen      total 38400K, used 37212K [0x00000000d5d80000, 0x00000000d8800000, 0x0000000100000000)
  eden space 33280K, 100% used [0x00000000d5d80000,0x00000000d7e00000,0x00000000d7e00000)
  from space 5120K, 76% used [0x00000000d7e00000,0x00000000d81d71d8,0x00000000d8300000)
  to   space 5120K, 0% used [0x00000000d8300000,0x00000000d8300000,0x00000000d8800000)
 ParOldGen       total 87552K, used 16K [0x0000000081800000, 0x0000000086d80000, 0x00000000d5d80000)
  object space 87552K, 0% used [0x0000000081800000,0x0000000081804000,0x0000000086d80000)
 Metaspace       used 17815K, capacity 18304K, committed 18432K, reserved 1064960K
  class space    used 2344K, capacity 2491K, committed 2560K, reserved 1048576K
Event: 2.184 GC heap after
Heap after GC invocations=2 (full 0):
 PSYoungGen      total 38400K, used 5118K [0x00000000d5d80000, 0x00000000d8800000, 0x0000000100000000)
  eden space 33280K, 0% used [0x00000000d5d80000,0x00000000d5d80000,0x00000000d7e00000)
  from space 5120K, 99% used [0x00000000d8300000,0x00000000d87ff820,0x00000000d8800000)
  to   space 5120K, 0% used [0x00000000d7e00000,0x00000000d7e00000,0x00000000d8300000)
 ParOldGen       total 87552K, used 352K [0x0000000081800000, 0x0000000086d80000, 0x00000000d5d80000)
  object space 87552K, 0% used [0x0000000081800000,0x0000000081858010,0x0000000086d80000)
 Metaspace       used 17815K, capacity 18304K, committed 18432K, reserved 1064960K
  class space    used 2344K, capacity 2491K, committed 2560K, reserved 1048576K
}
Event: 2.531 GC heap before
{Heap before GC invocations=3 (full 0):
 PSYoungGen      total 38400K, used 37058K [0x00000000d5d80000, 0x00000000d8800000, 0x0000000100000000)
  eden space 33280K, 95% used [0x00000000d5d80000,0x00000000d7cb1260,0x00000000d7e00000)
  from space 5120K, 99% used [0x00000000d8300000,0x00000000d87ff820,0x00000000d8800000)
  to   space 5120K, 0% used [0x00000000d7e00000,0x00000000d7e00000,0x00000000d8300000)
 ParOldGen       total 87552K, used 352K [0x0000000081800000, 0x0000000086d80000, 0x00000000d5d80000)
  object space 87552K, 0% used [0x0000000081800000,0x0000000081858010,0x0000000086d80000)
 Metaspace       used 19174K, capacity 19806K, committed 19968K, reserved 1067008K
  class space    used 2586K, capacity 2774K, committed 2816K, reserved 1048576K
Event: 2.554 GC heap after
Heap after GC invocations=3 (full 0):
 PSYoungGen      total 38400K, used 5095K [0x00000000d5d80000, 0x00000000da880000, 0x0000000100000000)
  eden space 33280K, 0% used [0x00000000d5d80000,0x00000000d5d80000,0x00000000d7e00000)
  from space 5120K, 99% used [0x00000000d7e00000,0x00000000d82f9f08,0x00000000d8300000)
  to   space 5120K, 0% used [0x00000000da380000,0x00000000da380000,0x00000000da880000)
 ParOldGen       total 87552K, used 27088K [0x0000000081800000, 0x0000000086d80000, 0x00000000d5d80000)
  object space 87552K, 30% used [0x0000000081800000,0x0000000083274378,0x0000000086d80000)
 Metaspace       used 19174K, capacity 19806K, committed 19968K, reserved 1067008K
  class space    used 2586K, capacity 2774K, committed 2816K, reserved 1048576K
}
Event: 2.762 GC heap before
{Heap before GC invocations=4 (full 0):
 PSYoungGen      total 38400K, used 15183K [0x00000000d5d80000, 0x00000000da880000, 0x0000000100000000)
  eden space 33280K, 30% used [0x00000000d5d80000,0x00000000d6759e70,0x00000000d7e00000)
  from space 5120K, 99% used [0x00000000d7e00000,0x00000000d82f9f08,0x00000000d8300000)
  to   space 5120K, 0% used [0x00000000da380000,0x00000000da380000,0x00000000da880000)
 ParOldGen       total 87552K, used 27088K [0x0000000081800000, 0x0000000086d80000, 0x00000000d5d80000)
  object space 87552K, 30% used [0x0000000081800000,0x0000000083274378,0x0000000086d80000)
 Metaspace       used 20365K, capacity 21178K, committed 21248K, reserved 1067008K
  class space    used 2814K, capacity 3030K, committed 3072K, reserved 1048576K
Event: 2.771 GC heap after
Heap after GC invocations=4 (full 0):
 PSYoungGen      total 71680K, used 5116K [0x00000000d5d80000, 0x00000000da880000, 0x0000000100000000)
  eden space 66560K, 0% used [0x00000000d5d80000,0x00000000d5d80000,0x00000000d9e80000)
  from space 5120K, 99% used [0x00000000da380000,0x00000000da87f060,0x00000000da880000)
  to   space 5120K, 0% used [0x00000000d9e80000,0x00000000d9e80000,0x00000000da380000)
 ParOldGen       total 87552K, used 33390K [0x0000000081800000, 0x0000000086d80000, 0x00000000d5d80000)
  object space 87552K, 38% used [0x0000000081800000,0x000000008389bb28,0x0000000086d80000)
 Metaspace       used 20365K, capacity 21178K, committed 21248K, reserved 1067008K
  class space    used 2814K, capacity 3030K, committed 3072K, reserved 1048576K
}
Event: 2.771 GC heap before
{Heap before GC invocations=5 (full 1):
 PSYoungGen      total 71680K, used 5116K [0x00000000d5d80000, 0x00000000da880000, 0x0000000100000000)
  eden space 66560K, 0% used [0x00000000d5d80000,0x00000000d5d80000,0x00000000d9e80000)
  from space 5120K, 99% used [0x00000000da380000,0x00000000da87f060,0x00000000da880000)
  to   space 5120K, 0% used [0x00000000d9e80000,0x00000000d9e80000,0x00000000da380000)
 ParOldGen       total 87552K, used 33390K [0x0000000081800000, 0x0000000086d80000, 0x00000000d5d80000)
  object space 87552K, 38% used [0x0000000081800000,0x000000008389bb28,0x0000000086d80000)
 Metaspace       used 20365K, capacity 21178K, committed 21248K, reserved 1067008K
  class space    used 2814K, capacity 3030K, committed 3072K, reserved 1048576K
Event: 2.826 GC heap after
Heap after GC invocations=5 (full 1):
 PSYoungGen      total 71680K, used 0K [0x00000000d5d80000, 0x00000000da880000, 0x0000000100000000)
  eden space 66560K, 0% used [0x00000000d5d80000,0x00000000d5d80000,0x00000000d9e80000)
  from space 5120K, 0% used [0x00000000da380000,0x00000000da380000,0x00000000da880000)
  to   space 5120K, 0% used [0x00000000d9e80000,0x00000000d9e80000,0x00000000da380000)
 ParOldGen       total 109056K, used 38332K [0x0000000081800000, 0x0000000088280000, 0x00000000d5d80000)
  object space 109056K, 35% used [0x0000000081800000,0x0000000083d6f338,0x0000000088280000)
 Metaspace       used 20365K, capacity 21178K, committed 21248K, reserved 1067008K
  class space    used 2814K, capacity 3030K, committed 3072K, reserved 1048576K
}
Event: 43.426 GC heap before
{Heap before GC invocations=6 (full 1):
 PSYoungGen      total 71680K, used 66560K [0x00000000d5d80000, 0x00000000da880000, 0x0000000100000000)
  eden space 66560K, 100% used [0x00000000d5d80000,0x00000000d9e80000,0x00000000d9e80000)
  from space 5120K, 0% used [0x00000000da380000,0x00000000da380000,0x00000000da880000)
  to   space 5120K, 0% used [0x00000000d9e80000,0x00000000d9e80000,0x00000000da380000)
 ParOldGen       total 109056K, used 38332K [0x0000000081800000, 0x0000000088280000, 0x00000000d5d80000)
  object space 109056K, 35% used [0x0000000081800000,0x0000000083d6f338,0x0000000088280000)
 Metaspace       used 23926K, capacity 24936K, committed 25088K, reserved 1071104K
  class space    used 3312K, capacity 3555K, committed 3584K, reserved 1048576K
Event: 43.431 GC heap after
Heap after GC invocations=6 (full 1):
 PSYoungGen      total 71680K, used 5095K [0x00000000d5d80000, 0x00000000df600000, 0x0000000100000000)
  eden space 66560K, 0% used [0x00000000d5d80000,0x00000000d5d80000,0x00000000d9e80000)
  from space 5120K, 99% used [0x00000000d9e80000,0x00000000da379d00,0x00000000da380000)
  to   space 27648K, 0% used [0x00000000ddb00000,0x00000000ddb00000,0x00000000df600000)
 ParOldGen       total 109056K, used 38583K [0x0000000081800000, 0x0000000088280000, 0x00000000d5d80000)
  object space 109056K, 35% used [0x0000000081800000,0x0000000083dadd28,0x0000000088280000)
 Metaspace       used 23926K, capacity 24936K, committed 25088K, reserved 1071104K
  class space    used 3312K, capacity 3555K, committed 3584K, reserved 1048576K
}

