# JRE version: Java(TM) SE Runtime Environment (8.0_202-b08) (build 1.8.0_202-b08)
# Java VM: Java HotSpot(TM) 64-Bit Server VM (25.202-b08 mixed mode windows-amd64 compressed oops)
Heap:
 PSYoungGen      total 71680K, used 25711K [0x00000000d5d80000, 0x00000000dfc80000, 0x0000000100000000)
  eden space 66560K, 30% used [0x00000000d5d80000,0x00000000d71a05c0,0x00000000d9e80000)
  from space 5120K, 99% used [0x00000000d9e80000,0x00000000da37b9c0,0x00000000da380000)
  to   space 27136K, 0% used [0x00000000de200000,0x00000000de200000,0x00000000dfc80000)
 ParOldGen       total 105984K, used 40551K [0x0000000081800000, 0x0000000087f80000, 0x00000000d5d80000)
  object space 105984K, 38% used [0x0000000081800000,0x0000000083f99f58,0x0000000087f80000)
 Metaspace       used 26462K, capacity 27584K, committed 27904K, reserved 1073152K
  class space    used 3551K, capacity 3789K, committed 3840K, reserved 1048576K
GC Heap History (10 events):
Event: 4.190 GC heap before
{Heap before GC invocations=2 (full 0):
 PSYoungGen      total 38400K, used 37180K [0x00000000d5d80000, 0x00000000d8800000, 0x0000000100000000)
  eden space 33280K, 100% used [0x00000000d5d80000,0x00000000d7e00000,0x00000000d7e00000)
  from space 5120K, 76% used [0x00000000d7e00000,0x00000000d81cf1a8,0x00000000d8300000)
  to   space 5120K, 0% used [0x00000000d8300000,0x00000000d8300000,0x00000000d8800000)
 ParOldGen       total 87552K, used 8K [0x0000000081800000, 0x0000000086d80000, 0x00000000d5d80000)
  object space 87552K, 0% used [0x0000000081800000,0x0000000081802000,0x0000000086d80000)
 Metaspace       used 17606K, capacity 18128K, committed 18432K, reserved 1064960K
  class space    used 2310K, capacity 2451K, committed 2560K, reserved 1048576K
Event: 4.291 GC heap after
Heap after GC invocations=2 (full 0):
 PSYoungGen      total 38400K, used 5117K [0x00000000d5d80000, 0x00000000da880000, 0x0000000100000000)
  eden space 33280K, 0% used [0x00000000d5d80000,0x00000000d5d80000,0x00000000d7e00000)
  from space 5120K, 99% used [0x00000000d8300000,0x00000000d87ff7c0,0x00000000d8800000)
  to   space 5120K, 0% used [0x00000000d7e00000,0x00000000d7e00000,0x00000000d8300000)
 ParOldGen       total 87552K, used 336K [0x0000000081800000, 0x0000000086d80000, 0x00000000d5d80000)
  object space 87552K, 0% used [0x0000000081800000,0x0000000081854000,0x0000000086d80000)
 Metaspace       used 17606K, capacity 18128K, committed 18432K, reserved 1064960K
  class space    used 2310K, capacity 2451K, committed 2560K, reserved 1048576K
}
Event: 5.380 GC heap before
{Heap before GC invocations=3 (full 0):
 PSYoungGen      total 38400K, used 36854K [0x00000000d5d80000, 0x00000000da880000, 0x0000000100000000)
  eden space 33280K, 95% used [0x00000000d5d80000,0x00000000d7c7e068,0x00000000d7e00000)
  from space 5120K, 99% used [0x00000000d8300000,0x00000000d87ff7c0,0x00000000d8800000)
  to   space 5120K, 0% used [0x00000000d7e00000,0x00000000d7e00000,0x00000000d8300000)
 ParOldGen       total 87552K, used 336K [0x0000000081800000, 0x0000000086d80000, 0x00000000d5d80000)
  object space 87552K, 0% used [0x0000000081800000,0x0000000081854000,0x0000000086d80000)
 Metaspace       used 19224K, capacity 19818K, committed 19968K, reserved 1067008K
  class space    used 2586K, capacity 2774K, committed 2816K, reserved 1048576K
Event: 5.447 GC heap after
Heap after GC invocations=3 (full 0):
 PSYoungGen      total 38400K, used 5097K [0x00000000d5d80000, 0x00000000da880000, 0x0000000100000000)
  eden space 33280K, 0% used [0x00000000d5d80000,0x00000000d5d80000,0x00000000d7e00000)
  from space 5120K, 99% used [0x00000000d7e00000,0x00000000d82fa6e8,0x00000000d8300000)
  to   space 5120K, 0% used [0x00000000da380000,0x00000000da380000,0x00000000da880000)
 ParOldGen       total 87552K, used 27178K [0x0000000081800000, 0x0000000086d80000, 0x00000000d5d80000)
  object space 87552K, 31% used [0x0000000081800000,0x000000008328ab48,0x0000000086d80000)
 Metaspace       used 19224K, capacity 19818K, committed 19968K, reserved 1067008K
  class space    used 2586K, capacity 2774K, committed 2816K, reserved 1048576K
}
Event: 5.991 GC heap before
{Heap before GC invocations=4 (full 0):
 PSYoungGen      total 38400K, used 15077K [0x00000000d5d80000, 0x00000000da880000, 0x0000000100000000)
  eden space 33280K, 29% used [0x00000000d5d80000,0x00000000d673ef20,0x00000000d7e00000)
  from space 5120K, 99% used [0x00000000d7e00000,0x00000000d82fa6e8,0x00000000d8300000)
  to   space 5120K, 0% used [0x00000000da380000,0x00000000da380000,0x00000000da880000)
 ParOldGen       total 87552K, used 27178K [0x0000000081800000, 0x0000000086d80000, 0x00000000d5d80000)
  object space 87552K, 31% used [0x0000000081800000,0x000000008328ab48,0x0000000086d80000)
 Metaspace       used 20320K, capacity 21128K, committed 21248K, reserved 1067008K
  class space    used 2796K, capacity 2993K, committed 3072K, reserved 1048576K
Event: 6.016 GC heap after
Heap after GC invocations=4 (full 0):
 PSYoungGen      total 71680K, used 5092K [0x00000000d5d80000, 0x00000000da880000, 0x0000000100000000)
  eden space 66560K, 0% used [0x00000000d5d80000,0x00000000d5d80000,0x00000000d9e80000)
  from space 5120K, 99% used [0x00000000da380000,0x00000000da879168,0x00000000da880000)
  to   space 5120K, 0% used [0x00000000d9e80000,0x00000000d9e80000,0x00000000da380000)
 ParOldGen       total 87552K, used 33423K [0x0000000081800000, 0x0000000086d80000, 0x00000000d5d80000)
  object space 87552K, 38% used [0x0000000081800000,0x00000000838a3d70,0x0000000086d80000)
 Metaspace       used 20320K, capacity 21128K, committed 21248K, reserved 1067008K
  class space    used 2796K, capacity 2993K, committed 3072K, reserved 1048576K
}
Event: 6.016 GC heap before
{Heap before GC invocations=5 (full 1):
 PSYoungGen      total 71680K, used 5092K [0x00000000d5d80000, 0x00000000da880000, 0x0000000100000000)
  eden space 66560K, 0% used [0x00000000d5d80000,0x00000000d5d80000,0x00000000d9e80000)
  from space 5120K, 99% used [0x00000000da380000,0x00000000da879168,0x00000000da880000)
  to   space 5120K, 0% used [0x00000000d9e80000,0x00000000d9e80000,0x00000000da380000)
 ParOldGen       total 87552K, used 33423K [0x0000000081800000, 0x0000000086d80000, 0x00000000d5d80000)
  object space 87552K, 38% used [0x0000000081800000,0x00000000838a3d70,0x0000000086d80000)
 Metaspace       used 20320K, capacity 21128K, committed 21248K, reserved 1067008K
  class space    used 2796K, capacity 2993K, committed 3072K, reserved 1048576K
Event: 6.127 GC heap after
Heap after GC invocations=5 (full 1):
 PSYoungGen      total 71680K, used 0K [0x00000000d5d80000, 0x00000000da880000, 0x0000000100000000)
  eden space 66560K, 0% used [0x00000000d5d80000,0x00000000d5d80000,0x00000000d9e80000)
  from space 5120K, 0% used [0x00000000da380000,0x00000000da380000,0x00000000da880000)
  to   space 5120K, 0% used [0x00000000d9e80000,0x00000000d9e80000,0x00000000da380000)
 ParOldGen       total 105984K, used 38275K [0x0000000081800000, 0x0000000087f80000, 0x00000000d5d80000)
  object space 105984K, 36% used [0x0000000081800000,0x0000000083d60cc0,0x0000000087f80000)
 Metaspace       used 20320K, capacity 21128K, committed 21248K, reserved 1067008K
  class space    used 2796K, capacity 2993K, committed 3072K, reserved 1048576K
}
Event: 44.066 GC heap before
{Heap before GC invocations=6 (full 1):
 PSYoungGen      total 71680K, used 66560K [0x00000000d5d80000, 0x00000000da880000, 0x0000000100000000)
  eden space 66560K, 100% used [0x00000000d5d80000,0x00000000d9e80000,0x00000000d9e80000)
  from space 5120K, 0% used [0x00000000da380000,0x00000000da380000,0x00000000da880000)
  to   space 5120K, 0% used [0x00000000d9e80000,0x00000000d9e80000,0x00000000da380000)
 ParOldGen       total 105984K, used 38275K [0x0000000081800000, 0x0000000087f80000, 0x00000000d5d80000)
  object space 105984K, 36% used [0x0000000081800000,0x0000000083d60cc0,0x0000000087f80000)
 Metaspace       used 23735K, capacity 24736K, committed 24832K, reserved 1071104K
  class space    used 3305K, capacity 3549K, committed 3584K, reserved 1048576K
Event: 44.072 GC heap after
Heap after GC invocations=6 (full 1):
 PSYoungGen      total 71680K, used 5102K [0x00000000d5d80000, 0x00000000dfc80000, 0x0000000100000000)
  eden space 66560K, 0% used [0x00000000d5d80000,0x00000000d5d80000,0x00000000d9e80000)
  from space 5120K, 99% used [0x00000000d9e80000,0x00000000da37b9c0,0x00000000da380000)
  to   space 27136K, 0% used [0x00000000de200000,0x00000000de200000,0x00000000dfc80000)
 ParOldGen       total 105984K, used 40551K [0x0000000081800000, 0x0000000087f80000, 0x00000000d5d80000)
  object space 105984K, 38% used [0x0000000081800000,0x0000000083f99f58,0x0000000087f80000)
 Metaspace       used 23735K, capacity 24736K, committed 24832K, reserved 1071104K
  class space    used 3305K, capacity 3549K, committed 3584K, reserved 1048576K
}

