# JRE version: Java(TM) SE Runtime Environment (8.0_181-b13) (build 1.8.0_181-b13)
# Java VM: Java HotSpot(TM) 64-Bit Server VM (25.181-b13 mixed mode windows-amd64 compressed oops)
Heap:
 PSYoungGen      total 66560K, used 32554K [0x0000000776200000, 0x000000077bd80000, 0x00000007c0000000)
  eden space 57344K, 47% used [0x0000000776200000,0x0000000777ca71d0,0x0000000779a00000)
  from space 9216K, 57% used [0x0000000779a00000,0x0000000779f239c0,0x000000077a300000)
  to   space 9216K, 0% used [0x000000077b480000,0x000000077b480000,0x000000077bd80000)
 ParOldGen       total 167936K, used 38385K [0x00000006e2600000, 0x00000006eca00000, 0x0000000776200000)
  object space 167936K, 22% used [0x00000006e2600000,0x00000006e4b7c4b8,0x00000006eca00000)
 Metaspace       used 26843K, capacity 27900K, committed 28160K, reserved 1073152K
  class space    used 3566K, capacity 3823K, committed 3840K, reserved 1048576K
GC Heap History (8 events):
Event: 1.485 GC heap before
{Heap before GC invocations=1 (full 0):
 PSYoungGen      total 66560K, used 57344K [0x0000000776200000, 0x000000077ac00000, 0x00000007c0000000)
  eden space 57344K, 100% used [0x0000000776200000,0x0000000779a00000,0x0000000779a00000)
  from space 9216K, 0% used [0x000000077a300000,0x000000077a300000,0x000000077ac00000)
  to   space 9216K, 0% used [0x0000000779a00000,0x0000000779a00000,0x000000077a300000)
 ParOldGen       total 151552K, used 0K [0x00000006e2600000, 0x00000006eba00000, 0x0000000776200000)
  object space 151552K, 0% used [0x00000006e2600000,0x00000006e2600000,0x00000006eba00000)
 Metaspace       used 15791K, capacity 16296K, committed 16512K, reserved 1062912K
  class space    used 1978K, capacity 2145K, committed 2176K, reserved 1048576K
Event: 1.492 GC heap after
Heap after GC invocations=1 (full 0):
 PSYoungGen      total 66560K, used 6221K [0x0000000776200000, 0x000000077ac00000, 0x00000007c0000000)
  eden space 57344K, 0% used [0x0000000776200000,0x0000000776200000,0x0000000779a00000)
  from space 9216K, 67% used [0x0000000779a00000,0x000000077a013670,0x000000077a300000)
  to   space 9216K, 0% used [0x000000077a300000,0x000000077a300000,0x000000077ac00000)
 ParOldGen       total 151552K, used 80K [0x00000006e2600000, 0x00000006eba00000, 0x0000000776200000)
  object space 151552K, 0% used [0x00000006e2600000,0x00000006e2614010,0x00000006eba00000)
 Metaspace       used 15791K, capacity 16296K, committed 16512K, reserved 1062912K
  class space    used 1978K, capacity 2145K, committed 2176K, reserved 1048576K
}
Event: 2.348 GC heap before
{Heap before GC invocations=2 (full 0):
 PSYoungGen      total 66560K, used 58621K [0x0000000776200000, 0x000000077ac00000, 0x00000007c0000000)
  eden space 57344K, 91% used [0x0000000776200000,0x000000077952c028,0x0000000779a00000)
  from space 9216K, 67% used [0x0000000779a00000,0x000000077a013670,0x000000077a300000)
  to   space 9216K, 0% used [0x000000077a300000,0x000000077a300000,0x000000077ac00000)
 ParOldGen       total 151552K, used 80K [0x00000006e2600000, 0x00000006eba00000, 0x0000000776200000)
  object space 151552K, 0% used [0x00000006e2600000,0x00000006e2614010,0x00000006eba00000)
 Metaspace       used 20359K, capacity 21194K, committed 21248K, reserved 1067008K
  class space    used 2814K, capacity 3030K, committed 3072K, reserved 1048576K
Event: 2.365 GC heap after
Heap after GC invocations=2 (full 0):
 PSYoungGen      total 66560K, used 9188K [0x0000000776200000, 0x000000077e400000, 0x00000007c0000000)
  eden space 57344K, 0% used [0x0000000776200000,0x0000000776200000,0x0000000779a00000)
  from space 9216K, 99% used [0x000000077a300000,0x000000077abf9118,0x000000077ac00000)
  to   space 9216K, 0% used [0x0000000779a00000,0x0000000779a00000,0x000000077a300000)
 ParOldGen       total 151552K, used 29299K [0x00000006e2600000, 0x00000006eba00000, 0x0000000776200000)
  object space 151552K, 19% used [0x00000006e2600000,0x00000006e429cd78,0x00000006eba00000)
 Metaspace       used 20359K, capacity 21194K, committed 21248K, reserved 1067008K
  class space    used 2814K, capacity 3030K, committed 3072K, reserved 1048576K
}
Event: 2.365 GC heap before
{Heap before GC invocations=3 (full 1):
 PSYoungGen      total 66560K, used 9188K [0x0000000776200000, 0x000000077e400000, 0x00000007c0000000)
  eden space 57344K, 0% used [0x0000000776200000,0x0000000776200000,0x0000000779a00000)
  from space 9216K, 99% used [0x000000077a300000,0x000000077abf9118,0x000000077ac00000)
  to   space 9216K, 0% used [0x0000000779a00000,0x0000000779a00000,0x000000077a300000)
 ParOldGen       total 151552K, used 29299K [0x00000006e2600000, 0x00000006eba00000, 0x0000000776200000)
  object space 151552K, 19% used [0x00000006e2600000,0x00000006e429cd78,0x00000006eba00000)
 Metaspace       used 20359K, capacity 21194K, committed 21248K, reserved 1067008K
  class space    used 2814K, capacity 3030K, committed 3072K, reserved 1048576K
Event: 2.408 GC heap after
Heap after GC invocations=3 (full 1):
 PSYoungGen      total 66560K, used 0K [0x0000000776200000, 0x000000077e400000, 0x00000007c0000000)
  eden space 57344K, 0% used [0x0000000776200000,0x0000000776200000,0x0000000779a00000)
  from space 9216K, 0% used [0x000000077a300000,0x000000077a300000,0x000000077ac00000)
  to   space 9216K, 0% used [0x0000000779a00000,0x0000000779a00000,0x000000077a300000)
 ParOldGen       total 167936K, used 38377K [0x00000006e2600000, 0x00000006eca00000, 0x0000000776200000)
  object space 167936K, 22% used [0x00000006e2600000,0x00000006e4b7a4b8,0x00000006eca00000)
 Metaspace       used 20359K, capacity 21194K, committed 21248K, reserved 1067008K
  class space    used 2814K, capacity 3030K, committed 3072K, reserved 1048576K
}
Event: 5.861 GC heap before
{Heap before GC invocations=4 (full 1):
 PSYoungGen      total 66560K, used 57344K [0x0000000776200000, 0x000000077e400000, 0x00000007c0000000)
  eden space 57344K, 100% used [0x0000000776200000,0x0000000779a00000,0x0000000779a00000)
  from space 9216K, 0% used [0x000000077a300000,0x000000077a300000,0x000000077ac00000)
  to   space 9216K, 0% used [0x0000000779a00000,0x0000000779a00000,0x000000077a300000)
 ParOldGen       total 167936K, used 38377K [0x00000006e2600000, 0x00000006eca00000, 0x0000000776200000)
  object space 167936K, 22% used [0x00000006e2600000,0x00000006e4b7a4b8,0x00000006eca00000)
 Metaspace       used 23598K, capacity 24614K, committed 24832K, reserved 1071104K
  class space    used 3313K, capacity 3550K, committed 3584K, reserved 1048576K
Event: 5.865 GC heap after
Heap after GC invocations=4 (full 1):
 PSYoungGen      total 66560K, used 5262K [0x0000000776200000, 0x000000077bd80000, 0x00000007c0000000)
  eden space 57344K, 0% used [0x0000000776200000,0x0000000776200000,0x0000000779a00000)
  from space 9216K, 57% used [0x0000000779a00000,0x0000000779f239c0,0x000000077a300000)
  to   space 9216K, 0% used [0x000000077b480000,0x000000077b480000,0x000000077bd80000)
 ParOldGen       total 167936K, used 38385K [0x00000006e2600000, 0x00000006eca00000, 0x0000000776200000)
  object space 167936K, 22% used [0x00000006e2600000,0x00000006e4b7c4b8,0x00000006eca00000)
 Metaspace       used 23598K, capacity 24614K, committed 24832K, reserved 1071104K
  class space    used 3313K, capacity 3550K, committed 3584K, reserved 1048576K
}

