# JRE version: Java(TM) SE Runtime Environment (8.0_202-b08) (build 1.8.0_202-b08)
# Java VM: Java HotSpot(TM) 64-Bit Server VM (25.202-b08 mixed mode windows-amd64 compressed oops)
Heap:
 PSYoungGen      total 71680K, used 23541K [0x00000000d5d80000, 0x00000000df880000, 0x0000000100000000)
  eden space 66560K, 27% used [0x00000000d5d80000,0x00000000d6f84c18,0x00000000d9e80000)
  from space 5120K, 99% used [0x00000000d9e80000,0x00000000da378800,0x00000000da380000)
  to   space 28672K, 0% used [0x00000000ddc80000,0x00000000ddc80000,0x00000000df880000)
 ParOldGen       total 108544K, used 38508K [0x0000000081800000, 0x0000000088200000, 0x00000000d5d80000)
  object space 108544K, 35% used [0x0000000081800000,0x0000000083d9b198,0x0000000088200000)
 Metaspace       used 26487K, capacity 27514K, committed 27648K, reserved 1073152K
  class space    used 3552K, capacity 3788K, committed 3840K, reserved 1048576K
GC Heap History (10 events):
Event: 1.836 GC heap before
{Heap before GC invocations=2 (full 0):
 PSYoungGen      total 38400K, used 37208K [0x00000000d5d80000, 0x00000000d8800000, 0x0000000100000000)
  eden space 33280K, 100% used [0x00000000d5d80000,0x00000000d7e00000,0x00000000d7e00000)
  from space 5120K, 76% used [0x00000000d7e00000,0x00000000d81d6158,0x00000000d8300000)
  to   space 5120K, 0% used [0x00000000d8300000,0x00000000d8300000,0x00000000d8800000)
 ParOldGen       total 87552K, used 16K [0x0000000081800000, 0x0000000086d80000, 0x00000000d5d80000)
  object space 87552K, 0% used [0x0000000081800000,0x0000000081804000,0x0000000086d80000)
 Metaspace       used 17848K, capacity 18376K, committed 18688K, reserved 1064960K
  class space    used 2345K, capacity 2491K, committed 2560K, reserved 1048576K
Event: 1.842 GC heap after
Heap after GC invocations=2 (full 0):
 PSYoungGen      total 38400K, used 5117K [0x00000000d5d80000, 0x00000000d8800000, 0x0000000100000000)
  eden space 33280K, 0% used [0x00000000d5d80000,0x00000000d5d80000,0x00000000d7e00000)
  from space 5120K, 99% used [0x00000000d8300000,0x00000000d87ff7b0,0x00000000d8800000)
  to   space 5120K, 0% used [0x00000000d7e00000,0x00000000d7e00000,0x00000000d8300000)
 ParOldGen       total 87552K, used 360K [0x0000000081800000, 0x0000000086d80000, 0x00000000d5d80000)
  object space 87552K, 0% used [0x0000000081800000,0x000000008185a010,0x0000000086d80000)
 Metaspace       used 17848K, capacity 18376K, committed 18688K, reserved 1064960K
  class space    used 2345K, capacity 2491K, committed 2560K, reserved 1048576K
}
Event: 2.166 GC heap before
{Heap before GC invocations=3 (full 0):
 PSYoungGen      total 38400K, used 37029K [0x00000000d5d80000, 0x00000000d8800000, 0x0000000100000000)
  eden space 33280K, 95% used [0x00000000d5d80000,0x00000000d7caa000,0x00000000d7e00000)
  from space 5120K, 99% used [0x00000000d8300000,0x00000000d87ff7b0,0x00000000d8800000)
  to   space 5120K, 0% used [0x00000000d7e00000,0x00000000d7e00000,0x00000000d8300000)
 ParOldGen       total 87552K, used 360K [0x0000000081800000, 0x0000000086d80000, 0x00000000d5d80000)
  object space 87552K, 0% used [0x0000000081800000,0x000000008185a010,0x0000000086d80000)
 Metaspace       used 19192K, capacity 19814K, committed 19968K, reserved 1067008K
  class space    used 2585K, capacity 2774K, committed 2816K, reserved 1048576K
Event: 2.187 GC heap after
Heap after GC invocations=3 (full 0):
 PSYoungGen      total 38400K, used 5097K [0x00000000d5d80000, 0x00000000da880000, 0x0000000100000000)
  eden space 33280K, 0% used [0x00000000d5d80000,0x00000000d5d80000,0x00000000d7e00000)
  from space 5120K, 99% used [0x00000000d7e00000,0x00000000d82fa6e8,0x00000000d8300000)
  to   space 5120K, 0% used [0x00000000da380000,0x00000000da380000,0x00000000da880000)
 ParOldGen       total 87552K, used 27106K [0x0000000081800000, 0x0000000086d80000, 0x00000000d5d80000)
  object space 87552K, 30% used [0x0000000081800000,0x0000000083278b48,0x0000000086d80000)
 Metaspace       used 19192K, capacity 19814K, committed 19968K, reserved 1067008K
  class space    used 2585K, capacity 2774K, committed 2816K, reserved 1048576K
}
Event: 2.339 GC heap before
{Heap before GC invocations=4 (full 0):
 PSYoungGen      total 38400K, used 15085K [0x00000000d5d80000, 0x00000000da880000, 0x0000000100000000)
  eden space 33280K, 30% used [0x00000000d5d80000,0x00000000d6740f10,0x00000000d7e00000)
  from space 5120K, 99% used [0x00000000d7e00000,0x00000000d82fa6e8,0x00000000d8300000)
  to   space 5120K, 0% used [0x00000000da380000,0x00000000da380000,0x00000000da880000)
 ParOldGen       total 87552K, used 27106K [0x0000000081800000, 0x0000000086d80000, 0x00000000d5d80000)
  object space 87552K, 30% used [0x0000000081800000,0x0000000083278b48,0x0000000086d80000)
 Metaspace       used 20306K, capacity 21124K, committed 21248K, reserved 1067008K
  class space    used 2801K, capacity 2993K, committed 3072K, reserved 1048576K
Event: 2.347 GC heap after
Heap after GC invocations=4 (full 0):
 PSYoungGen      total 71680K, used 5005K [0x00000000d5d80000, 0x00000000da880000, 0x0000000100000000)
  eden space 66560K, 0% used [0x00000000d5d80000,0x00000000d5d80000,0x00000000d9e80000)
  from space 5120K, 97% used [0x00000000da380000,0x00000000da863520,0x00000000da880000)
  to   space 5120K, 0% used [0x00000000d9e80000,0x00000000d9e80000,0x00000000da380000)
 ParOldGen       total 87552K, used 33502K [0x0000000081800000, 0x0000000086d80000, 0x00000000d5d80000)
  object space 87552K, 38% used [0x0000000081800000,0x00000000838b7988,0x0000000086d80000)
 Metaspace       used 20306K, capacity 21124K, committed 21248K, reserved 1067008K
  class space    used 2801K, capacity 2993K, committed 3072K, reserved 1048576K
}
Event: 2.347 GC heap before
{Heap before GC invocations=5 (full 1):
 PSYoungGen      total 71680K, used 5005K [0x00000000d5d80000, 0x00000000da880000, 0x0000000100000000)
  eden space 66560K, 0% used [0x00000000d5d80000,0x00000000d5d80000,0x00000000d9e80000)
  from space 5120K, 97% used [0x00000000da380000,0x00000000da863520,0x00000000da880000)
  to   space 5120K, 0% used [0x00000000d9e80000,0x00000000d9e80000,0x00000000da380000)
 ParOldGen       total 87552K, used 33502K [0x0000000081800000, 0x0000000086d80000, 0x00000000d5d80000)
  object space 87552K, 38% used [0x0000000081800000,0x00000000838b7988,0x0000000086d80000)
 Metaspace       used 20306K, capacity 21124K, committed 21248K, reserved 1067008K
  class space    used 2801K, capacity 2993K, committed 3072K, reserved 1048576K
Event: 2.396 GC heap after
Heap after GC invocations=5 (full 1):
 PSYoungGen      total 71680K, used 0K [0x00000000d5d80000, 0x00000000da880000, 0x0000000100000000)
  eden space 66560K, 0% used [0x00000000d5d80000,0x00000000d5d80000,0x00000000d9e80000)
  from space 5120K, 0% used [0x00000000da380000,0x00000000da380000,0x00000000da880000)
  to   space 5120K, 0% used [0x00000000d9e80000,0x00000000d9e80000,0x00000000da380000)
 ParOldGen       total 108544K, used 38282K [0x0000000081800000, 0x0000000088200000, 0x00000000d5d80000)
  object space 108544K, 35% used [0x0000000081800000,0x0000000083d62a98,0x0000000088200000)
 Metaspace       used 20306K, capacity 21124K, committed 21248K, reserved 1067008K
  class space    used 2801K, capacity 2993K, committed 3072K, reserved 1048576K
}
Event: 13.317 GC heap before
{Heap before GC invocations=6 (full 1):
 PSYoungGen      total 71680K, used 66560K [0x00000000d5d80000, 0x00000000da880000, 0x0000000100000000)
  eden space 66560K, 100% used [0x00000000d5d80000,0x00000000d9e80000,0x00000000d9e80000)
  from space 5120K, 0% used [0x00000000da380000,0x00000000da380000,0x00000000da880000)
  to   space 5120K, 0% used [0x00000000d9e80000,0x00000000d9e80000,0x00000000da380000)
 ParOldGen       total 108544K, used 38282K [0x0000000081800000, 0x0000000088200000, 0x00000000d5d80000)
  object space 108544K, 35% used [0x0000000081800000,0x0000000083d62a98,0x0000000088200000)
 Metaspace       used 23712K, capacity 24732K, committed 24832K, reserved 1071104K
  class space    used 3307K, capacity 3549K, committed 3584K, reserved 1048576K
Event: 13.321 GC heap after
Heap after GC invocations=6 (full 1):
 PSYoungGen      total 71680K, used 5090K [0x00000000d5d80000, 0x00000000df880000, 0x0000000100000000)
  eden space 66560K, 0% used [0x00000000d5d80000,0x00000000d5d80000,0x00000000d9e80000)
  from space 5120K, 99% used [0x00000000d9e80000,0x00000000da378800,0x00000000da380000)
  to   space 28672K, 0% used [0x00000000ddc80000,0x00000000ddc80000,0x00000000df880000)
 ParOldGen       total 108544K, used 38508K [0x0000000081800000, 0x0000000088200000, 0x00000000d5d80000)
  object space 108544K, 35% used [0x0000000081800000,0x0000000083d9b198,0x0000000088200000)
 Metaspace       used 23712K, capacity 24732K, committed 24832K, reserved 1071104K
  class space    used 3307K, capacity 3549K, committed 3584K, reserved 1048576K
}

